[2013-10-29 19:32:51] START
[2013-10-29 19:33:30] EDIT insider/controllers/default.py: -20
[2013-10-29 19:34:20] EDIT insider/controllers/default.py: -4
[2013-10-29 19:36:57] EDIT insider/controllers/default.py: -4
[2013-10-29 19:38:40] EDIT insider/controllers/default.py: 5
[2013-10-29 19:38:43] EDIT insider/controllers/default.py: 0
[2013-11-15 01:36:20] EDIT insider/controllers/default.py: 0
[2013-11-15 01:36:26] EDIT insider/controllers/default.py: 0
[2013-11-15 01:36:45] EDIT insider/controllers/default.py: -13
[2013-11-15 01:44:45] CREATE plugin_ystockquote.py: 0
[2013-11-15 01:47:15] EDIT insider/models/plugin_ystockquote.py: 98
[2013-11-15 01:49:27] EDIT insider/models/plugin_ystockquote.py: 211
[2013-11-15 01:50:14] EDIT insider/models/plugin_ystockquote.py: 0
[2013-11-15 01:51:36] CREATE plugin_test_ystockquote.py: 0
[2013-11-15 01:51:52] DELETE insider/models/plugin_test_ystockquote.py: 0
[2013-11-15 01:52:30] CREATE plugin_ystockquote.py: 0
[2013-11-15 01:52:57] EDIT insider/modules/plugin_ystockquote.py: 39
[2013-11-15 01:53:02] EDIT insider/modules/plugin_ystockquote.py: 0
[2013-11-15 01:53:06] EDIT insider/modules/plugin_ystockquote.py: -1
[2013-11-15 01:53:12] EDIT insider/modules/plugin_ystockquote.py: 1
[2013-11-15 01:53:22] DELETE insider/modules/plugin_ystockquote.py: -40
[2013-11-15 02:08:38] EDIT insider/models/menu.py: -105
[2013-11-15 02:09:19] EDIT insider/models/db.py: 0
[2013-11-15 02:11:19] EDIT insider/models/menu.py: -1
[2013-11-15 02:11:59] EDIT insider/views/layout.html: 0
[2013-11-15 02:13:45] EDIT insider/views/layout.html: 0
[2013-11-15 02:14:22] EDIT insider/views/layout.html: 0
[2013-11-15 02:15:09] EDIT insider/views/layout.html: 0
[2013-11-15 02:15:27] EDIT insider/views/layout.html: 0
[2013-11-15 02:15:43] EDIT insider/views/default/index.html: -1
[2013-11-15 02:15:53] EDIT insider/views/default/index.html: -1
[2013-11-15 02:15:58] EDIT insider/views/default/index.html: 0
[2013-11-15 02:17:27] EDIT insider/models/menu.py: 0
[2013-11-15 02:17:36] EDIT insider/models/menu.py: 0
[2013-11-15 02:17:55] EDIT insider/models/menu.py: 0
[2013-11-15 02:18:02] EDIT insider/views/default/index.html: 0
[2013-11-15 02:18:11] EDIT insider/views/default/index.html: -10
[2013-11-15 02:18:17] EDIT insider/views/default/index.html: -5
[2013-11-15 02:18:58] EDIT insider/views/default/index.html: -12
[2013-11-15 02:19:03] EDIT insider/views/default/index.html: 0
[2013-11-15 02:19:24] EDIT insider/controllers/default.py: 1
[2013-11-15 02:19:49] EDIT insider/controllers/default.py: 0
[2013-11-15 02:20:25] DELETE insider/static/images/twitter.png: -11
[2013-11-15 02:20:52] UPLOAD /Applications/web2py.app/Contents/Resources/applications/insider/static/images/twitter.png: 9
[2013-11-15 02:22:07] EDIT insider/views/layout.html: 0
[2013-11-15 02:22:54] EDIT insider/views/default/index.html: 0
[2013-11-15 02:27:49] EDIT insider/views/default/index.html: 0
[2013-11-15 02:33:29] CREATE db_stocks.py: 0
[2013-11-15 02:34:50] EDIT insider/models/db_stocks.py: 4
[2013-11-15 02:35:06] EDIT insider/controllers/default.py: 0
[2013-11-15 02:35:16] EDIT insider/controllers/default.py: 0
[2013-11-15 02:36:59] EDIT insider/models/db_stocks.py: 1
[2013-11-15 02:38:08] EDIT insider/models/db_stocks.py: 0
[2013-11-15 02:44:02] EDIT insider/models/db_stocks.py: 8
[2013-11-15 02:45:36] EDIT insider/models/db_stocks.py: 4
[2013-11-15 02:47:33] EDIT insider/models/db_stocks.py: 3
[2013-11-15 02:48:43] EDIT insider/models/db_stocks.py: 3
[2013-11-15 02:52:52] EDIT insider/models/db_stocks.py: 0
[2013-11-15 02:58:17] EDIT insider/views/default/index.html: 0
[2013-11-15 02:58:37] EDIT insider/models/db_stocks.py: 0
[2013-11-15 02:59:17] EDIT insider/models/db_stocks.py: 3
[2013-11-15 02:59:45] EDIT insider/models/db_stocks.py: 0
[2013-11-15 03:00:10] EDIT insider/models/db_stocks.py: 0
[2013-11-15 03:00:13] EDIT insider/models/db_stocks.py: 0
[2013-11-15 03:01:43] EDIT insider/models/db_stocks.py: 3
[2013-11-15 03:02:00] EDIT insider/models/db_stocks.py: 0
[2013-11-15 03:02:36] EDIT insider/models/db_stocks.py: 0
[2013-11-15 03:05:48] EDIT insider/controllers/default.py: 2
[2013-11-15 03:06:35] EDIT insider/controllers/default.py: 0
[2013-11-15 03:07:12] EDIT insider/controllers/default.py: 0
[2013-11-15 03:07:18] EDIT insider/controllers/default.py: -2
[2013-11-15 03:16:33] EDIT insider/controllers/default.py: 0
[2013-11-15 03:18:06] EDIT insider/controllers/default.py: 0
[2013-11-15 03:18:08] EDIT insider/controllers/default.py: 0
[2013-11-15 03:18:32] EDIT insider/controllers/default.py: 0
[2013-11-15 03:18:50] EDIT insider/controllers/default.py: 0
[2013-11-15 03:19:05] EDIT insider/controllers/default.py: 0
[2013-11-15 03:20:18] EDIT insider/controllers/default.py: 0
[2013-11-15 03:28:21] EDIT insider/controllers/default.py: 0
[2013-11-15 03:33:21] CREATE css/custom.css: 0
[2013-11-15 03:34:03] EDIT insider/static/css/custom.css: 10
[2013-11-15 03:34:27] EDIT insider/static/css/custom.css: 0
[2013-11-15 03:34:38] EDIT insider/static/css/custom.css: 1
[2013-11-15 03:34:58] EDIT insider/static/css/custom.css: -1
[2013-11-15 03:35:11] EDIT insider/views/layout.html: 0
[2013-11-15 03:35:44] EDIT insider/views/layout.html: 1
[2013-11-15 03:36:31] EDIT insider/static/css/custom.css: 0
[2013-11-15 03:36:45] EDIT insider/static/css/custom.css: 0
[2013-11-15 03:36:56] EDIT insider/static/css/custom.css: 0
[2013-11-15 03:37:06] EDIT insider/static/css/custom.css: 0
[2013-11-15 03:38:02] EDIT insider/static/css/custom.css: 0
[2013-11-15 03:38:18] EDIT insider/static/css/custom.css: 1
[2013-11-15 03:38:35] EDIT insider/static/css/custom.css: 0
[2013-11-17 01:33:13] EDIT insider/models/db_stocks.py: 0
[2013-11-17 01:34:39] EDIT insider/models/db_stocks.py: 0
[2013-11-17 01:34:57] EDIT insider/models/db_stocks.py: -2
[2013-11-17 01:35:48] EDIT insider/models/db_stocks.py: 0
[2013-11-17 01:37:23] EDIT insider/models/db_stocks.py: 3
[2013-11-17 01:37:44] EDIT insider/models/db_stocks.py: 0
[2013-11-17 01:41:37] EDIT insider/controllers/default.py: 5
[2013-11-17 01:41:52] EDIT insider/controllers/default.py: -2
[2013-11-17 01:41:58] EDIT insider/controllers/default.py: 0
[2013-11-17 01:42:46] EDIT insider/views/default/index.html: 2
[2013-11-17 01:43:49] EDIT insider/views/default/index.html: 4
[2013-11-17 01:44:22] EDIT insider/views/default/index.html: 0
[2013-11-17 01:44:57] EDIT insider/views/default/index.html: 2
[2013-11-17 01:45:54] EDIT insider/views/default/index.html: 0
[2013-11-17 01:46:11] EDIT insider/models/db_stocks.py: 0
[2013-11-17 01:48:47] EDIT insider/controllers/default.py: 1
[2013-11-17 01:49:03] EDIT insider/models/db_stocks.py: 1
[2013-11-17 01:49:26] EDIT insider/views/default/index.html: 1
[2013-11-17 01:51:21] EDIT insider/models/db_stocks.py: 0
[2013-11-17 01:51:50] EDIT insider/models/db_stocks.py: 0
[2013-11-17 01:52:58] EDIT insider/models/db_stocks.py: 0
[2013-11-17 02:00:26] EDIT insider/models/db_stocks.py: 1
[2013-11-17 02:19:14] EDIT insider/models/db_stocks.py: 0
[2013-11-17 02:19:48] EDIT insider/models/db_stocks.py: 0
[2013-11-17 02:20:22] EDIT insider/models/db_stocks.py: 0
[2013-11-17 02:21:01] EDIT insider/models/db_stocks.py: 0
[2013-11-17 02:21:15] EDIT insider/models/db_stocks.py: 0
[2013-11-17 02:23:34] EDIT insider/models/db_stocks.py: 5
[2013-11-17 02:23:44] EDIT insider/models/db_stocks.py: -1
[2013-11-17 02:24:01] EDIT insider/models/db_stocks.py: 0
[2013-11-17 02:27:42] EDIT insider/controllers/default.py: 0
[2013-11-17 02:28:05] EDIT insider/controllers/default.py: 0
[2013-11-17 02:28:22] EDIT insider/controllers/default.py: 0
[2013-11-17 02:28:32] EDIT insider/controllers/default.py: 0
[2013-11-17 02:28:59] EDIT insider/controllers/default.py: 0
[2013-11-17 02:31:08] EDIT insider/controllers/default.py: 0
[2013-11-17 02:31:40] EDIT insider/controllers/default.py: 0
[2013-11-17 02:31:43] EDIT insider/controllers/default.py: 0
[2013-11-17 02:31:59] EDIT insider/controllers/default.py: 0
[2013-11-17 02:32:28] EDIT insider/controllers/default.py: 0
[2013-11-17 02:33:48] EDIT insider/controllers/default.py: 0
[2013-11-17 02:34:06] EDIT insider/controllers/default.py: 0
[2013-11-17 02:34:19] EDIT insider/controllers/default.py: 0
[2013-11-17 02:34:33] EDIT insider/controllers/default.py: 0
[2013-11-17 02:34:51] EDIT insider/controllers/default.py: 0
[2013-11-17 02:35:07] EDIT insider/controllers/default.py: 0
[2013-11-17 02:50:42] EDIT insider/views/default/index.html: 8
[2013-11-17 02:50:59] EDIT insider/views/default/index.html: 0
[2013-11-17 02:51:12] EDIT insider/views/default/index.html: 1
[2013-11-17 02:51:28] EDIT insider/controllers/default.py: 0
[2013-11-17 02:51:49] EDIT insider/controllers/default.py: 1
[2013-11-17 03:01:41] EDIT insider/controllers/default.py: 7
[2013-11-17 03:01:56] EDIT insider/controllers/default.py: 1
[2013-11-17 03:02:10] EDIT insider/controllers/default.py: 0
[2013-11-17 03:04:46] EDIT insider/controllers/default.py: 0
[2013-11-17 03:05:26] EDIT insider/controllers/default.py: 0
[2013-11-18 01:47:36] EDIT insider/controllers/default.py: 0
[2013-11-18 01:56:57] EDIT insider/controllers/default.py: -4
[2013-11-18 01:57:11] EDIT insider/views/default/index.html: 1
[2013-11-18 01:59:58] EDIT insider/controllers/default.py: 0
[2013-11-18 02:01:06] EDIT insider/controllers/default.py: -1
[2013-11-18 02:01:43] EDIT insider/controllers/default.py: 2
[2013-11-18 02:01:53] EDIT insider/controllers/default.py: 0
[2013-11-18 02:02:07] EDIT insider/controllers/default.py: 0
[2013-11-18 02:06:29] EDIT insider/controllers/default.py: 0
[2013-11-18 02:07:04] EDIT insider/controllers/default.py: 0
[2013-11-18 02:08:34] EDIT insider/controllers/default.py: 0
[2013-11-18 02:09:01] EDIT insider/controllers/default.py: 0
[2013-11-18 02:09:25] EDIT insider/controllers/default.py: -1
[2013-11-18 02:10:23] EDIT insider/controllers/default.py: 0
[2013-11-18 02:10:39] EDIT insider/controllers/default.py: 0
[2013-11-18 02:10:45] EDIT insider/controllers/default.py: 1
[2013-11-18 02:10:53] EDIT insider/controllers/default.py: 0
[2013-11-18 02:11:27] EDIT insider/controllers/default.py: 0
[2013-11-18 02:11:34] EDIT insider/controllers/default.py: 0
[2013-11-18 02:12:18] EDIT insider/controllers/default.py: 0
[2013-11-18 02:14:03] EDIT insider/controllers/default.py: 1
[2013-11-18 02:14:56] EDIT insider/controllers/default.py: 1
[2013-11-18 02:15:00] EDIT insider/controllers/default.py: 0
[2013-11-18 02:15:43] EDIT insider/controllers/default.py: 0
[2013-11-18 02:16:09] EDIT insider/views/default/index.html: -9
[2013-11-18 02:18:14] EDIT insider/controllers/default.py: 0
[2013-11-18 02:18:44] EDIT insider/controllers/default.py: 0
[2013-11-18 02:23:17] EDIT insider/controllers/default.py: 2
[2013-11-18 02:26:40] EDIT insider/controllers/default.py: -2
[2013-11-18 02:26:44] EDIT insider/controllers/default.py: 0
[2013-11-18 02:30:37] EDIT insider/controllers/default.py: 8
[2013-11-18 02:31:27] EDIT insider/controllers/default.py: 1
[2013-11-18 02:32:10] EDIT insider/controllers/default.py: 0
[2013-11-18 02:32:36] EDIT insider/controllers/default.py: 0
[2013-11-18 02:32:42] EDIT insider/controllers/default.py: 0
[2013-11-18 02:33:03] EDIT insider/controllers/default.py: 0
[2013-11-18 02:36:17] EDIT insider/controllers/default.py: -2
[2013-11-18 02:36:53] EDIT insider/controllers/default.py: 0
[2013-11-18 02:38:26] EDIT insider/views/default/index.html: 10
[2013-11-18 02:38:30] EDIT insider/views/default/index.html: -1
[2013-11-18 02:38:48] EDIT insider/views/default/index.html: 0
[2013-11-18 02:39:31] EDIT insider/views/default/index.html: 0
[2013-11-18 02:43:27] EDIT insider/controllers/default.py: 0
[2013-11-18 02:44:03] EDIT insider/controllers/default.py: 0
[2013-11-18 02:45:43] EDIT insider/controllers/default.py: 0
[2013-11-18 02:46:12] EDIT insider/controllers/default.py: -2
[2013-11-18 02:46:19] EDIT insider/controllers/default.py: 0
[2013-11-18 02:46:41] EDIT insider/controllers/default.py: 0
[2013-11-18 02:47:24] EDIT insider/views/default/index.html: 0
[2013-11-18 02:50:56] EDIT insider/controllers/default.py: 5
[2013-11-18 02:51:30] EDIT insider/controllers/default.py: 0
[2013-11-18 02:52:04] EDIT insider/views/default/index.html: 0
[2013-11-18 02:52:16] EDIT insider/controllers/default.py: 0
[2013-11-18 02:52:30] EDIT insider/controllers/default.py: 1
[2013-11-18 02:53:14] EDIT insider/controllers/default.py: 0
[2013-11-18 02:53:19] EDIT insider/controllers/default.py: 0
[2013-11-18 02:54:00] EDIT insider/controllers/default.py: 1
[2013-11-18 02:54:18] EDIT insider/controllers/default.py: 0
[2013-11-18 02:54:57] EDIT insider/controllers/default.py: 0
[2013-11-18 02:55:15] EDIT insider/controllers/default.py: 1
[2013-11-18 02:55:19] EDIT insider/controllers/default.py: 0
[2013-11-18 02:55:35] EDIT insider/controllers/default.py: 1
[2013-11-18 02:55:41] EDIT insider/controllers/default.py: 0
[2013-11-18 02:57:54] EDIT insider/views/default/index.html: 2
[2013-11-18 02:59:29] EDIT insider/views/default/index.html: 4
[2013-11-18 02:59:47] EDIT insider/views/default/index.html: 0
[2013-11-18 03:00:03] EDIT insider/views/default/index.html: 0
[2013-11-18 03:02:25] EDIT insider/controllers/default.py: 1
[2013-11-18 03:02:34] EDIT insider/controllers/default.py: 0
[2013-11-18 03:02:40] EDIT insider/controllers/default.py: 0
[2013-11-18 03:02:57] EDIT insider/controllers/default.py: -1
[2013-11-18 03:04:21] EDIT insider/controllers/default.py: 0
[2013-11-18 03:05:25] EDIT insider/controllers/default.py: -1
[2013-11-18 03:05:28] EDIT insider/controllers/default.py: 0
[2013-11-18 03:05:48] EDIT insider/controllers/default.py: 0
[2013-11-18 03:06:35] EDIT insider/controllers/default.py: 0
[2013-11-18 03:06:48] EDIT insider/controllers/default.py: 0
[2013-11-18 03:07:42] EDIT insider/controllers/default.py: 1
[2013-11-18 03:07:58] EDIT insider/controllers/default.py: 0
[2013-11-18 03:07:59] EDIT insider/controllers/default.py: 0
[2013-11-18 03:08:02] EDIT insider/controllers/default.py: 0
[2013-11-18 03:09:00] EDIT insider/controllers/default.py: 0
[2013-11-18 03:10:00] CREATE default/stock.html: 0
[2013-11-18 03:10:21] EDIT insider/views/default/stock.html: -1
[2013-11-18 03:11:58] EDIT insider/controllers/default.py: 4
[2013-11-18 03:14:20] EDIT insider/views/default/index.html: 0
[2013-11-18 03:14:38] EDIT insider/views/default/index.html: 0
[2013-11-18 03:15:05] EDIT insider/controllers/default.py: 0
[2013-11-18 03:15:17] EDIT insider/views/default/stock.html: 1
[2013-11-18 03:15:55] EDIT insider/controllers/default.py: 0
[2013-11-18 03:16:24] EDIT insider/controllers/default.py: 0
[2013-11-18 03:16:42] EDIT insider/controllers/default.py: 0
[2013-11-18 03:16:59] EDIT insider/views/default/stock.html: 0
[2013-11-18 03:17:29] EDIT insider/controllers/default.py: 0
[2013-11-18 03:17:41] EDIT insider/controllers/default.py: 0
[2013-11-18 03:17:59] EDIT insider/controllers/default.py: 0
[2013-11-18 03:18:12] EDIT insider/views/default/stock.html: 0
[2013-11-18 03:19:12] EDIT insider/controllers/default.py: 0
[2013-11-18 14:11:50] EDIT insider/controllers/default.py: 0
[2013-11-18 14:12:04] EDIT insider/views/default/stock.html: 0
[2013-11-18 14:12:29] EDIT insider/controllers/default.py: 0
[2013-11-18 14:13:30] EDIT insider/controllers/default.py: 0
[2013-11-18 14:13:37] EDIT insider/views/default/stock.html: 0
[2013-11-18 14:14:49] EDIT insider/controllers/default.py: 0
[2013-11-18 14:15:29] EDIT insider/views/default/stock.html: 0
[2013-11-18 14:16:16] EDIT insider/controllers/default.py: 0
[2013-11-18 14:16:37] EDIT insider/controllers/default.py: 0
[2013-11-18 14:16:52] EDIT insider/views/default/stock.html: 0
[2013-11-18 14:17:39] EDIT insider/controllers/default.py: 0
[2013-11-18 14:17:53] EDIT insider/views/default/stock.html: 0
[2013-11-18 14:18:39] EDIT insider/controllers/default.py: 1
[2013-11-18 14:19:38] EDIT insider/controllers/default.py: 0
[2013-11-18 14:20:01] EDIT insider/controllers/default.py: -2
[2013-11-18 14:20:03] EDIT insider/controllers/default.py: 0
[2013-11-18 14:20:33] EDIT insider/controllers/default.py: -1
[2013-11-18 14:20:37] EDIT insider/controllers/default.py: -1
[2013-11-18 14:20:49] EDIT insider/views/default/stock.html: 0
[2013-11-18 14:21:04] EDIT insider/views/default/stock.html: 0
[2013-11-18 23:14:54] EDIT insider/views/default/stock.html: 0
[2013-11-18 23:15:02] EDIT insider/views/default/stock.html: 0
[2013-11-19 02:39:41] EDIT insider/models/db_stocks.py: 4
[2013-11-19 02:39:46] EDIT insider/models/db_stocks.py: 0
[2013-11-19 02:40:09] EDIT insider/models/db_stocks.py: 0
[2013-11-19 02:40:45] EDIT insider/models/db_stocks.py: 1
[2013-11-19 02:40:50] EDIT insider/models/db_stocks.py: 0
[2013-11-19 02:41:28] EDIT insider/models/db_stocks.py: 1
[2013-11-19 02:43:11] EDIT insider/models/db_stocks.py: 0
[2013-11-19 02:49:39] EDIT insider/controllers/default.py: 2
[2013-11-19 02:50:49] EDIT insider/controllers/default.py: 0
[2013-11-19 02:51:09] EDIT insider/controllers/default.py: 0
[2013-11-19 02:51:18] EDIT insider/controllers/default.py: 0
[2013-11-19 02:52:48] EDIT insider/controllers/default.py: 0
[2013-11-19 02:53:11] EDIT insider/controllers/default.py: 0
[2013-11-19 02:53:33] EDIT insider/models/db_stocks.py: 0
[2013-11-19 02:53:56] EDIT insider/controllers/default.py: 0
[2013-11-19 02:54:15] EDIT insider/models/db_stocks.py: 0
[2013-11-19 02:54:16] EDIT insider/models/db_stocks.py: 0
[2013-11-19 02:54:33] EDIT insider/controllers/default.py: 0
[2013-11-19 18:15:25] EDIT insider/models/db_stocks.py: -1
[2013-11-19 18:16:09] EDIT insider/views/default/stock.html: 1
[2013-11-19 18:16:28] EDIT insider/models/db_stocks.py: 0
[2013-11-19 18:16:59] EDIT insider/controllers/default.py: 0
[2013-11-19 18:18:13] EDIT insider/controllers/default.py: 0
[2013-11-19 18:30:49] EDIT insider/controllers/default.py: 7
[2013-11-19 18:31:05] EDIT insider/controllers/default.py: 0
[2013-11-19 18:31:31] EDIT insider/models/db_stocks.py: 0
[2013-11-19 18:33:12] EDIT insider/models/db_stocks.py: 0
[2013-11-19 18:34:01] EDIT insider/controllers/default.py: 0
[2013-11-19 18:35:42] EDIT insider/views/default/stock.html: 10
[2013-11-19 18:36:16] EDIT insider/views/default/stock.html: 4
[2013-11-19 18:36:51] EDIT insider/views/default/stock.html: 5
[2013-11-19 18:37:17] EDIT insider/views/default/stock.html: 1
[2013-11-19 18:40:39] EDIT insider/views/default/stock.html: 0
[2013-11-19 18:40:58] EDIT insider/views/default/stock.html: 0
[2013-11-19 18:42:51] EDIT insider/views/default/stock.html: 0
[2013-11-19 18:43:58] EDIT insider/views/default/stock.html: 0
[2013-11-19 18:44:08] EDIT insider/views/default/stock.html: 0
[2013-11-19 18:45:14] EDIT insider/views/default/stock.html: 0
[2013-11-19 18:46:59] EDIT insider/controllers/default.py: 1
[2013-11-19 18:51:09] EDIT insider/controllers/default.py: 2
[2013-11-19 18:54:57] EDIT insider/views/default/stock.html: 0
[2013-11-19 18:56:04] EDIT insider/views/default/stock.html: 0
[2013-11-19 18:56:59] EDIT insider/views/default/stock.html: 0
[2013-11-19 18:57:55] EDIT insider/views/default/stock.html: 0
[2013-11-19 18:58:14] EDIT insider/views/default/stock.html: 0
[2013-11-19 18:58:31] EDIT insider/views/default/stock.html: 0
[2013-11-19 19:04:57] EDIT insider/views/layout.html: 1
[2013-11-19 19:05:22] EDIT insider/views/layout.html: 0
[2013-11-19 19:06:44] EDIT insider/views/layout.html: 0
[2013-11-19 19:07:31] EDIT insider/views/layout.html: 0
[2013-11-19 19:12:24] EDIT insider/views/default/stock.html: 0
[2013-11-19 19:13:06] EDIT insider/views/default/stock.html: 1
[2013-11-19 19:15:28] EDIT insider/controllers/default.py: 1
[2013-11-19 19:16:36] EDIT insider/views/default/stock.html: 2
[2013-11-19 19:17:05] EDIT insider/controllers/default.py: 0
[2013-11-19 19:17:47] EDIT insider/controllers/default.py: 0
[2013-11-19 19:25:26] EDIT insider/views/default/stock.html: 1
[2013-11-19 19:26:23] EDIT insider/views/default/stock.html: 0
[2013-11-19 19:26:38] EDIT insider/views/default/stock.html: 0
[2013-11-19 19:26:52] EDIT insider/views/default/stock.html: 0
[2013-11-19 19:27:06] EDIT insider/views/default/stock.html: 0
[2013-11-19 19:27:20] EDIT insider/views/default/stock.html: 0
[2013-11-19 19:29:22] EDIT insider/views/default/stock.html: 0
[2013-11-19 19:30:00] EDIT insider/views/default/stock.html: 1
[2013-11-19 19:30:40] EDIT insider/views/default/stock.html: 1
[2013-11-19 19:31:53] EDIT insider/views/default/stock.html: 2
[2013-11-19 19:35:15] EDIT insider/models/db_stocks.py: 1
[2013-11-19 19:36:23] EDIT insider/controllers/default.py: 0
[2013-11-19 19:38:21] EDIT insider/models/db_stocks.py: 0
[2013-11-19 22:23:27] EDIT insider/views/default/stock.html: 6
[2013-11-19 22:23:50] EDIT insider/views/default/stock.html: 2
[2013-11-19 22:25:08] EDIT insider/views/default/stock.html: 0
[2013-11-19 22:25:31] EDIT insider/views/default/stock.html: 0
[2013-11-19 22:25:45] EDIT insider/views/default/stock.html: 0
[2013-11-19 22:27:41] EDIT insider/views/default/stock.html: -2
[2013-11-19 22:29:17] EDIT insider/views/default/stock.html: 0
[2013-11-19 22:29:50] EDIT insider/views/default/stock.html: -1
[2013-11-19 22:30:43] EDIT insider/views/default/stock.html: 5
[2013-11-19 22:30:54] EDIT insider/views/default/stock.html: 0
[2013-11-19 22:31:32] EDIT insider/views/default/stock.html: 0
[2013-11-19 22:32:09] EDIT insider/views/default/stock.html: 0
[2013-11-19 22:33:15] EDIT insider/views/default/stock.html: 0
[2013-11-19 22:33:28] EDIT insider/views/default/stock.html: 0
[2013-11-19 22:34:28] EDIT insider/views/default/stock.html: 0
[2013-11-19 22:43:06] EDIT insider/views/layout.html: 10
[2013-11-19 22:44:23] EDIT insider/views/layout.html: 7
[2013-11-19 22:45:10] EDIT insider/views/layout.html: -1
[2013-11-19 22:45:15] EDIT insider/views/layout.html: 0
[2013-11-19 22:45:16] EDIT insider/views/layout.html: 0
[2013-11-19 22:45:27] EDIT insider/views/layout.html: 0
[2013-11-19 22:45:56] EDIT insider/views/layout.html: 0
[2013-11-19 22:46:23] EDIT insider/views/layout.html: 0
[2013-11-19 22:46:34] EDIT insider/views/layout.html: 0
[2013-11-19 22:47:03] EDIT insider/views/layout.html: 0
[2013-11-19 22:47:23] EDIT insider/views/layout.html: 0
[2013-11-19 22:48:09] EDIT insider/views/layout.html: 0
[2013-11-19 22:48:23] EDIT insider/views/layout.html: 0
[2013-11-19 22:48:48] EDIT insider/views/layout.html: 0
[2013-11-19 22:49:10] EDIT insider/views/layout.html: 0
[2013-11-19 22:55:32] EDIT insider/views/layout.html: 4
[2013-11-19 22:56:41] EDIT insider/views/layout.html: 0
[2013-11-19 22:57:00] EDIT insider/views/layout.html: 0
[2013-11-19 22:57:13] EDIT insider/views/layout.html: 0
[2013-11-19 22:58:58] EDIT insider/views/layout.html: 0
[2013-11-19 22:59:08] EDIT insider/views/layout.html: 0
[2013-11-19 23:03:13] CREATE default/ticker.html: 0
[2013-11-19 23:04:49] EDIT insider/views/layout.html: -8
[2013-11-19 23:05:01] DELETE insider/views/default/ticker.html: -3
[2013-11-19 23:05:09] CREATE default/ticker.load: 0
[2013-11-19 23:06:02] EDIT insider/views/default/ticker.load: -11
[2013-11-19 23:06:33] EDIT insider/views/default/ticker.load: 0
[2013-11-19 23:09:00] EDIT insider/views/default/ticker.load: 1
[2013-11-19 23:10:11] EDIT insider/views/default/ticker.load: 0
[2013-11-19 23:11:10] EDIT insider/controllers/default.py: 3
[2013-11-19 23:11:16] EDIT insider/controllers/default.py: 0
[2013-11-19 23:11:22] EDIT insider/controllers/default.py: 0
[2013-11-19 23:11:42] EDIT insider/controllers/default.py: 0
[2013-11-19 23:11:44] EDIT insider/controllers/default.py: 0
[2013-11-19 23:11:59] EDIT insider/views/default/ticker.load: 0
[2013-11-19 23:13:23] EDIT insider/views/layout.html: 0
[2013-11-19 23:13:37] EDIT insider/views/layout.html: 0
[2013-11-19 23:13:45] EDIT insider/views/default/ticker.load: 1
[2013-11-19 23:14:29] EDIT insider/views/default/ticker.load: 0
[2013-11-19 23:14:33] EDIT insider/views/default/ticker.load: 0
[2013-11-19 23:14:59] EDIT insider/views/default/ticker.load: 0
[2013-11-19 23:15:07] EDIT insider/views/default/ticker.load: 0
[2013-11-19 23:17:59] EDIT insider/views/default/ticker.load: 0
[2013-11-19 23:19:15] EDIT insider/views/default/ticker.load: 0
[2013-11-19 23:19:40] EDIT insider/views/default/ticker.load: 1
[2013-11-19 23:20:09] EDIT insider/views/default/ticker.load: 1
[2013-11-19 23:24:50] EDIT insider/views/layout.html: 0
[2013-11-19 23:25:55] EDIT insider/views/default/ticker.load: 0
[2013-11-19 23:26:38] EDIT insider/views/layout.html: 0
[2013-11-19 23:28:07] EDIT insider/views/default/ticker.load: 0
[2013-11-19 23:28:27] EDIT insider/views/default/ticker.load: 0
[2013-11-19 23:31:32] EDIT insider/views/default/ticker.load: 2
[2013-11-19 23:32:54] EDIT insider/views/layout.html: 0
[2013-11-19 23:33:58] EDIT insider/views/default/ticker.load: 0
[2013-11-19 23:36:49] EDIT insider/views/default/ticker.load: 8
[2013-11-19 23:40:42] EDIT insider/views/default/ticker.load: 2
[2013-11-19 23:41:21] EDIT insider/views/default/ticker.load: 0
[2013-11-19 23:43:39] EDIT insider/views/layout.html: -10
[2013-11-19 23:45:24] EDIT insider/controllers/default.py: 0
[2013-11-19 23:46:05] EDIT insider/controllers/default.py: 1
[2013-11-19 23:47:43] EDIT insider/controllers/default.py: 2
[2013-11-19 23:48:01] EDIT insider/controllers/default.py: 0
[2013-11-19 23:48:15] EDIT insider/views/default/ticker.load: -12
[2013-11-19 23:51:12] EDIT insider/views/layout.html: 0
[2013-11-19 23:51:30] EDIT insider/views/default/ticker.load: 0
[2013-11-19 23:51:58] EDIT insider/controllers/default.py: 0
[2013-11-19 23:52:01] EDIT insider/controllers/default.py: 0
[2013-11-19 23:52:07] EDIT insider/controllers/default.py: 0
[2013-11-19 23:52:40] EDIT insider/views/layout.html: 0
[2013-11-19 23:52:54] EDIT insider/views/layout.html: 0
[2013-11-19 23:54:01] EDIT insider/views/layout.html: 0
[2013-11-19 23:54:17] EDIT insider/views/layout.html: 0
[2013-11-19 23:55:22] EDIT insider/views/layout.html: 0
[2013-11-19 23:55:42] EDIT insider/views/layout.html: 0
[2013-11-19 23:55:54] EDIT insider/views/layout.html: 0
[2013-11-19 23:56:17] EDIT insider/views/layout.html: 0
[2013-11-19 23:56:46] EDIT insider/views/layout.html: 0
[2013-11-19 23:57:29] EDIT insider/views/layout.html: 0
[2013-11-19 23:57:45] EDIT insider/views/layout.html: 0
[2013-11-20 02:32:33] EDIT insider/views/layout.html: 0
[2013-11-20 02:33:36] EDIT insider/views/layout.html: 0
[2013-11-20 02:33:59] EDIT insider/views/layout.html: 0
[2013-11-20 02:34:09] EDIT insider/views/layout.html: 0
[2013-11-20 02:35:25] EDIT insider/views/layout.html: 0
[2013-11-20 02:35:40] EDIT insider/views/layout.html: 0
[2013-11-20 02:36:28] EDIT insider/views/layout.html: 0
[2013-11-20 02:36:33] EDIT insider/views/layout.html: 0
[2013-11-20 02:36:59] EDIT insider/controllers/default.py: 0
[2013-11-20 02:37:05] EDIT insider/controllers/default.py: 0
[2013-11-20 02:37:44] EDIT insider/views/layout.html: 0
[2013-11-20 02:38:19] EDIT insider/views/layout.html: 0
[2013-11-20 02:39:11] EDIT insider/views/layout.html: 0
[2013-11-20 02:43:48] EDIT insider/views/default/ticker.load: 3
[2013-11-20 02:45:07] EDIT insider/views/default/ticker.load: -5
[2013-11-20 02:45:46] EDIT insider/views/default/ticker.load: 0
[2013-11-20 02:46:27] EDIT insider/views/default/ticker.load: 0
[2013-11-20 02:46:46] EDIT insider/controllers/default.py: 0
[2013-11-20 02:47:11] EDIT insider/views/default/ticker.load: -2
[2013-11-20 02:47:38] EDIT insider/views/default/ticker.load: 2
[2013-11-20 02:47:51] EDIT insider/views/default/ticker.load: 0
[2013-11-20 02:48:56] EDIT insider/views/layout.html: 4
[2013-11-20 02:49:52] EDIT insider/views/default/ticker.load: -4
[2013-11-20 02:51:23] EDIT insider/views/default/ticker.load: 0
[2013-11-20 02:51:33] EDIT insider/views/layout.html: 0
[2013-11-20 02:52:34] EDIT insider/views/layout.html: -2
[2013-11-20 02:52:42] EDIT insider/views/layout.html: 0
[2013-11-20 02:52:51] EDIT insider/views/layout.html: 0
[2013-11-20 02:53:23] EDIT insider/views/layout.html: 0
[2013-11-20 02:53:30] EDIT insider/views/layout.html: 0
[2013-11-20 02:53:38] EDIT insider/views/default/ticker.load: 0
[2013-11-20 02:54:15] EDIT insider/views/layout.html: 0
[2013-11-20 02:54:33] EDIT insider/views/layout.html: 0
[2013-11-20 02:54:49] EDIT insider/views/layout.html: 0
[2013-11-20 03:05:49] EDIT insider/views/default/index.html: 24
[2013-11-20 03:06:41] EDIT insider/views/default/index.html: 2
[2013-11-20 03:06:52] EDIT insider/views/default/index.html: -12
[2013-11-20 03:07:49] EDIT insider/views/default/index.html: -8
[2013-11-20 03:08:25] EDIT insider/views/default/index.html: 0
[2013-11-20 03:09:25] EDIT insider/views/default/index.html: 0
[2013-11-20 03:12:02] EDIT insider/views/default/index.html: 0
[2013-11-20 03:12:25] EDIT insider/views/default/index.html: 0
[2013-11-20 03:12:35] EDIT insider/views/default/index.html: 0
[2013-11-20 03:18:24] EDIT insider/views/default/stock.html: 0
[2013-11-20 03:18:49] EDIT insider/views/default/stock.html: 0
[2013-11-20 03:19:11] EDIT insider/views/default/stock.html: 0
[2013-11-20 03:19:24] EDIT insider/views/default/stock.html: 0
[2013-11-20 03:20:33] EDIT insider/models/db_stocks.py: 0
[2013-11-20 03:24:31] EDIT insider/models/db_stocks.py: 0
[2013-11-20 03:26:06] EDIT insider/models/db_stocks.py: 0
[2013-11-20 03:26:39] EDIT insider/models/db_stocks.py: 0
[2013-11-20 03:27:05] EDIT insider/models/db_stocks.py: 0
[2013-11-23 20:49:42] EDIT insider/controllers/default.py: 0
[2013-11-23 20:51:18] EDIT insider/controllers/default.py: 0
[2013-11-23 22:51:50] EDIT insider/views/layout.html: 1
[2013-11-23 22:53:05] EDIT insider/views/default/stock.html: 3
[2013-11-23 22:54:47] EDIT insider/views/default/stock.html: 0
[2013-11-23 22:55:30] EDIT insider/views/default/stock.html: 3
[2013-11-23 22:55:46] EDIT insider/views/default/stock.html: -2
[2013-11-23 23:02:22] EDIT insider/views/default/stock.html: -2
[2013-11-23 23:02:42] EDIT insider/views/default/stock.html: 1
[2013-11-23 23:07:20] CREATE stock_chart.load: 0
[2013-11-23 23:07:32] EDIT insider/views/stock_chart.load: 28
[2013-11-23 23:07:49] EDIT insider/views/default/stock.html: 0
[2013-11-23 23:08:30] CREATE return_data.html: 0
[2013-11-23 23:08:39] EDIT insider/views/return_data.html: -2
[2013-11-23 23:09:25] CREATE return_data.json: 0
[2013-11-23 23:09:31] EDIT insider/views/return_data.json: 0
[2013-11-23 23:09:42] EDIT insider/views/default/stock.html: 0
[2013-11-23 23:09:58] EDIT insider/views/default/stock.html: 0
[2013-11-23 23:10:11] EDIT insider/views/default/stock.html: 0
[2013-11-23 23:10:52] EDIT insider/controllers/default.py: 27
[2013-11-23 23:11:03] EDIT insider/controllers/default.py: 0
[2013-11-23 23:11:40] EDIT insider/views/default/stock.html: 0
[2013-11-23 23:12:15] EDIT insider/controllers/default.py: 0
[2013-11-23 23:12:46] EDIT insider/controllers/default.py: 0
[2013-11-23 23:12:48] EDIT insider/controllers/default.py: 0
[2013-11-23 23:13:02] EDIT insider/views/default/stock.html: 0
[2013-11-23 23:13:32] EDIT insider/controllers/default.py: -27
[2013-11-23 23:13:42] DELETE insider/views/return_data.html: -1
[2013-11-23 23:13:46] DELETE insider/views/return_data.json: -1
[2013-11-23 23:13:51] DELETE insider/views/stock_chart.load: -48
[2013-11-23 23:14:10] EDIT insider/views/default/stock.html: 0
[2013-11-23 23:14:20] EDIT insider/views/default/stock.html: 0
[2013-11-23 23:14:27] EDIT insider/views/default/stock.html: 0
[2013-11-23 23:14:33] EDIT insider/views/default/stock.html: 0
[2013-11-23 23:14:57] EDIT insider/views/default/stock.html: 0
[2013-11-23 23:15:16] EDIT insider/views/default/stock.html: 0
[2013-11-23 23:16:08] EDIT insider/controllers/plugin_google_chart.py: 0
[2013-11-23 23:16:10] EDIT insider/controllers/plugin_google_chart.py: 0
[2013-11-23 23:17:40] EDIT insider/views/default/stock.html: 0
[2013-11-23 23:18:07] EDIT insider/views/default/stock.html: 0
[2013-11-23 23:18:20] EDIT insider/views/default/stock.html: 0
[2013-11-23 23:19:17] EDIT insider/views/default/stock.html: 0
[2013-11-23 23:19:35] EDIT insider/views/default/stock.html: 0
[2013-11-23 23:20:36] EDIT insider/views/default/stock.html: 0
[2013-11-23 23:21:48] EDIT insider/views/default/stock.html: 0
[2013-11-23 23:22:43] EDIT insider/views/default/stock.html: 0
[2013-11-23 23:23:29] EDIT insider/views/plugin_google_chart/plugin_google_chart.load: 3
[2013-11-23 23:26:07] EDIT insider/views/plugin_google_chart/plugin_google_chart.load: 0
[2013-11-23 23:26:25] EDIT insider/views/default/stock.html: 0
[2013-11-23 23:27:26] EDIT insider/views/default/stock.html: 0
[2013-11-23 23:29:58] EDIT insider/views/default/stock.html: 0
[2013-11-23 23:31:50] EDIT insider/views/default/stock.html: 0
[2013-11-23 23:32:07] EDIT insider/views/default/stock.html: 0
[2013-11-23 23:32:30] EDIT insider/views/default/stock.html: 0
[2013-11-23 23:32:58] EDIT insider/views/default/stock.html: 0
[2013-11-23 23:33:39] EDIT insider/views/default/stock.html: 0
[2013-11-23 23:33:41] EDIT insider/views/default/stock.html: 0
[2013-11-23 23:33:54] EDIT insider/views/default/stock.html: 0
[2013-11-23 23:34:13] EDIT insider/views/plugin_google_chart/plugin_google_chart.load: -3
[2013-11-23 23:34:15] EDIT insider/views/plugin_google_chart/plugin_google_chart.load: 0
[2013-11-23 23:35:23] EDIT insider/controllers/plugin_google_chart.py: 0
[2013-11-23 23:35:42] EDIT insider/views/default/stock.html: 0
[2013-11-23 23:35:43] EDIT insider/views/default/stock.html: 0
[2013-11-23 23:36:03] EDIT insider/views/default/stock.html: 0
[2013-11-24 00:08:23] EDIT insider/controllers/default.py: 0
[2013-11-24 00:13:40] CREATE plugin_google_chart_alt.load: 0
[2013-11-24 00:13:49] DELETE insider/views/plugin_google_chart_alt.load: -20
[2013-11-24 00:14:56] CREATE plugin_google_chart/plugin_google_chart_alt.load: 0
[2013-11-24 00:15:47] EDIT insider/views/plugin_google_chart/plugin_google_chart_alt.load: 16
[2013-11-24 00:15:52] EDIT insider/views/plugin_google_chart/plugin_google_chart_alt.load: 0
[2013-11-24 00:15:54] EDIT insider/views/plugin_google_chart/plugin_google_chart_alt.load: 0
[2013-11-24 00:16:05] EDIT insider/views/default/stock.html: 0
[2013-11-24 00:16:46] EDIT insider/controllers/plugin_google_chart.py: 19
[2013-11-24 00:20:28] EDIT insider/views/default/stock.html: 0
[2013-11-24 00:20:47] DELETE insider/views/plugin_google_chart/plugin_google_chart_alt.load: -36
[2013-11-24 00:21:07] EDIT insider/controllers/plugin_google_chart.py: -19
[2013-11-24 00:32:41] EDIT insider/models/plugin_ystockquote.py: 2
[2013-11-24 00:33:09] EDIT insider/models/plugin_ystockquote.py: -2
[2013-11-24 00:35:31] EDIT insider/models/db_stocks.py: 5
[2013-11-24 00:37:57] EDIT insider/models/db_stocks.py: -1
[2013-11-24 00:38:00] EDIT insider/models/db_stocks.py: 0
[2013-11-24 00:38:16] EDIT insider/models/db_stocks.py: 0
[2013-11-24 00:38:35] CREATE chart.load: 0
[2013-11-24 00:38:50] EDIT insider/views/chart.load: -19
[2013-11-24 00:39:42] EDIT insider/controllers/default.py: 2
[2013-11-24 00:40:39] EDIT insider/controllers/default.py: 3
[2013-11-24 00:40:53] EDIT insider/controllers/default.py: 0
[2013-11-24 00:41:14] EDIT insider/controllers/default.py: 0
[2013-11-24 00:41:18] EDIT insider/controllers/default.py: 0
[2013-11-24 00:41:23] EDIT insider/controllers/default.py: 0
[2013-11-24 00:42:39] EDIT insider/views/default/stock.html: 0
[2013-11-24 00:44:56] EDIT insider/controllers/default.py: 0
[2013-11-24 00:44:57] EDIT insider/controllers/default.py: 0
[2013-11-24 00:45:14] EDIT insider/controllers/default.py: 0
[2013-11-24 00:45:22] EDIT insider/controllers/default.py: 0
[2013-11-24 00:45:59] EDIT insider/controllers/default.py: 1
[2013-11-24 00:47:15] EDIT insider/controllers/default.py: -1
[2013-11-24 00:48:13] EDIT insider/controllers/default.py: 0
[2013-11-24 00:48:22] EDIT insider/controllers/default.py: 0
[2013-11-24 00:48:43] DELETE insider/views/chart.load: -1
[2013-11-24 00:48:51] CREATE default/chart.load: 0
[2013-11-24 00:49:02] EDIT insider/views/default/chart.load: -19
[2013-11-24 00:49:15] EDIT insider/controllers/default.py: 0
[2013-11-24 00:49:46] EDIT insider/controllers/default.py: 0
[2013-11-24 00:50:00] EDIT insider/controllers/default.py: 0
[2013-11-24 00:50:13] EDIT insider/controllers/default.py: 0
[2013-11-24 00:50:23] EDIT insider/controllers/default.py: 0
[2013-11-24 00:50:33] EDIT insider/controllers/default.py: 0
[2013-11-24 00:50:40] EDIT insider/controllers/default.py: 0
[2013-11-24 00:50:49] EDIT insider/controllers/default.py: 0
[2013-11-24 00:51:05] EDIT insider/controllers/default.py: 0
[2013-11-24 00:51:11] EDIT insider/controllers/default.py: 0
[2013-11-24 00:51:32] EDIT insider/controllers/default.py: 0
[2013-11-24 00:51:42] EDIT insider/controllers/default.py: 0
[2013-11-24 00:51:59] EDIT insider/views/default/chart.load: 1
[2013-11-24 00:52:18] EDIT insider/controllers/default.py: 0
[2013-11-24 00:52:58] EDIT insider/views/default/chart.load: -1
[2013-11-24 00:53:11] EDIT insider/views/default/chart.load: 0
[2013-11-24 00:53:36] EDIT insider/controllers/default.py: 0
[2013-11-24 00:54:59] EDIT insider/controllers/default.py: 0
[2013-11-24 00:55:09] EDIT insider/views/default/chart.load: 0
[2013-11-24 00:56:08] EDIT insider/controllers/default.py: 0
[2013-11-24 00:57:28] EDIT insider/models/db_stocks.py: 1
[2013-11-24 00:57:50] EDIT insider/models/db_stocks.py: -1
[2013-11-24 01:00:06] EDIT insider/models/db_stocks.py: 0
[2013-11-24 01:00:50] EDIT insider/models/db_stocks.py: 0
[2013-11-24 01:01:08] EDIT insider/models/db_stocks.py: 0
[2013-11-24 01:01:19] EDIT insider/models/db_stocks.py: 0
[2013-11-24 01:01:34] EDIT insider/models/db_stocks.py: 0
[2013-11-24 01:01:52] EDIT insider/models/db_stocks.py: 0
[2013-11-24 01:03:49] EDIT insider/views/default/chart.load: 0
[2013-11-24 01:04:22] EDIT insider/controllers/default.py: 0
[2013-11-24 01:04:50] EDIT insider/views/default/chart.load: 0
[2013-11-24 01:05:08] EDIT insider/views/default/chart.load: 0
[2013-11-24 01:05:31] EDIT insider/views/default/chart.load: 1
[2013-11-24 01:06:23] EDIT insider/views/default/chart.load: 0
[2013-11-24 01:07:29] EDIT insider/views/default/chart.load: 0
[2013-11-24 01:08:31] EDIT insider/views/default/stock.html: 0
[2013-11-24 01:08:37] EDIT insider/views/default/stock.html: -2
[2013-11-24 01:10:18] EDIT insider/views/default/chart.load: 0
[2013-11-24 01:12:48] EDIT insider/controllers/default.py: 0
[2013-11-24 01:13:31] EDIT insider/views/default/chart.load: 0
[2013-11-24 01:13:42] EDIT insider/views/default/chart.load: 0
[2013-11-24 01:13:52] EDIT insider/views/default/chart.load: 0
[2013-11-24 01:14:03] EDIT insider/views/default/chart.load: 0
[2013-11-24 01:14:16] EDIT insider/views/default/chart.load: 0
[2013-11-24 01:14:25] EDIT insider/views/default/chart.load: 0
[2013-11-24 01:14:36] EDIT insider/views/default/chart.load: 0
[2013-11-24 01:14:45] EDIT insider/views/default/chart.load: 0
[2013-11-24 01:15:11] EDIT insider/views/default/chart.load: 0
[2013-11-24 01:15:47] EDIT insider/views/default/chart.load: 0
[2013-11-24 01:16:28] EDIT insider/views/default/chart.load: 3
[2013-11-24 01:17:26] EDIT insider/views/default/chart.load: 0
[2013-11-24 01:17:34] EDIT insider/views/default/chart.load: 0
[2013-11-24 01:18:10] EDIT insider/views/default/chart.load: 0
[2013-11-24 01:21:36] EDIT insider/views/default/stock.html: 1
[2013-11-24 01:21:53] EDIT insider/views/default/stock.html: 0
[2013-11-24 01:22:09] EDIT insider/views/default/stock.html: 0
[2013-11-24 01:23:07] EDIT insider/views/default/stock.html: 0
[2013-11-24 01:24:34] EDIT insider/views/default/stock.html: 0
[2013-11-24 01:25:21] EDIT insider/views/default/stock.html: -1
[2013-11-24 01:25:59] EDIT insider/views/default/chart.load: 1
[2013-11-24 01:26:39] EDIT insider/controllers/default.py: 1
[2013-11-24 01:26:50] EDIT insider/controllers/default.py: 0
[2013-11-24 01:27:42] EDIT insider/controllers/default.py: 0
[2013-11-24 01:27:53] EDIT insider/views/default/chart.load: 0
[2013-11-24 01:28:15] EDIT insider/views/default/chart.load: 0
[2013-11-24 01:28:36] EDIT insider/views/default/chart.load: 0
[2013-11-24 01:32:18] EDIT insider/views/default/chart.load: 0
[2013-11-24 01:32:52] EDIT insider/views/default/chart.load: 0
[2013-11-24 01:33:54] EDIT insider/views/default/chart.load: 5
[2013-11-24 01:35:14] EDIT insider/views/default/chart.load: 2
[2013-11-24 01:35:55] EDIT insider/views/default/chart.load: 1
[2013-11-24 01:36:49] EDIT insider/views/default/chart.load: 0
[2013-11-24 01:36:58] EDIT insider/views/default/chart.load: -1
[2013-11-24 01:38:02] EDIT insider/views/default/chart.load: 2
[2013-11-24 01:38:25] EDIT insider/views/default/chart.load: 0
[2013-11-24 01:39:04] EDIT insider/views/default/chart.load: 0
[2013-11-24 01:39:50] EDIT insider/views/default/chart.load: 0
[2013-11-24 01:45:20] EDIT insider/views/default/chart.load: 0
[2013-11-24 01:50:03] EDIT insider/models/db_stocks.py: 1
[2013-11-24 01:50:05] EDIT insider/models/db_stocks.py: 0
[2013-11-24 01:50:09] EDIT insider/models/db_stocks.py: 0
[2013-11-24 01:50:11] EDIT insider/models/db_stocks.py: 0
[2013-11-24 01:50:21] EDIT insider/models/db_stocks.py: 0
[2013-11-24 01:50:57] EDIT insider/views/default/stock.html: 1
[2013-11-24 01:51:30] EDIT insider/views/default/stock.html: 1
[2013-11-24 01:51:31] EDIT insider/views/default/stock.html: 0
[2013-11-24 01:51:50] EDIT insider/views/default/stock.html: 1
[2013-11-24 01:52:07] EDIT insider/views/default/stock.html: 1
[2013-11-24 01:52:23] EDIT insider/views/default/stock.html: -1
[2013-11-24 01:52:35] EDIT insider/views/default/stock.html: 0
[2013-11-24 01:52:52] EDIT insider/views/default/stock.html: 1
[2013-11-24 01:54:27] EDIT insider/views/default/stock.html: 0
[2013-11-24 01:54:38] EDIT insider/views/default/stock.html: 0
[2013-11-24 01:56:03] EDIT insider/views/default/stock.html: 4
[2013-11-24 01:56:17] EDIT insider/views/default/stock.html: 0
[2013-11-24 01:56:29] EDIT insider/views/default/stock.html: 1
[2013-11-24 01:56:58] EDIT insider/views/default/stock.html: 2
[2013-11-24 01:58:02] EDIT insider/controllers/default.py: 5
[2013-11-24 01:58:10] EDIT insider/controllers/default.py: 0
[2013-11-24 01:58:23] EDIT insider/controllers/default.py: 0
[2013-11-24 01:58:33] EDIT insider/controllers/default.py: 0
[2013-11-24 01:58:38] EDIT insider/controllers/default.py: 0
[2013-11-24 01:59:50] EDIT insider/views/default/stock.html: 3
[2013-11-24 02:00:14] EDIT insider/views/default/stock.html: 0
[2013-11-24 02:01:44] EDIT insider/views/default/stock.html: 1
[2013-11-24 02:02:15] EDIT insider/views/default/stock.html: 3
[2013-11-24 02:02:54] EDIT insider/views/default/stock.html: 0
[2013-11-24 02:03:52] EDIT insider/views/default/stock.html: 0
[2013-11-24 02:04:15] EDIT insider/views/default/stock.html: 0
[2013-11-24 02:05:11] EDIT insider/views/default/stock.html: 0
[2013-11-24 02:07:50] EDIT insider/views/default/stock.html: 0
[2013-11-24 02:08:27] EDIT insider/views/default/stock.html: 0
[2013-11-24 02:08:33] EDIT insider/views/default/stock.html: -1
[2013-11-24 02:08:38] EDIT insider/views/default/stock.html: 1
[2013-11-24 02:08:58] EDIT insider/views/default/stock.html: 0
[2013-11-24 02:09:13] EDIT insider/views/default/stock.html: 0
[2013-11-24 02:09:28] EDIT insider/views/default/stock.html: 0
[2013-11-24 02:10:41] EDIT insider/views/default/stock.html: 0
[2013-11-24 02:10:56] EDIT insider/views/default/stock.html: -1
[2013-11-24 02:11:05] EDIT insider/views/default/stock.html: 0
[2013-11-24 02:11:10] EDIT insider/views/default/stock.html: -1
[2013-11-24 02:11:24] EDIT insider/views/default/stock.html: 0
[2013-11-24 02:11:31] EDIT insider/views/default/stock.html: 0
[2013-11-24 02:11:38] EDIT insider/views/default/stock.html: 0
[2013-11-24 02:11:54] EDIT insider/views/default/stock.html: -1
[2013-11-24 02:13:02] EDIT insider/views/default/stock.html: 0
[2013-11-24 02:13:10] EDIT insider/views/default/stock.html: -1
[2013-11-24 02:15:01] EDIT insider/controllers/default.py: 0
[2013-11-24 02:17:12] EDIT insider/views/default/stock.html: 0
[2013-11-24 02:17:19] EDIT insider/views/default/stock.html: 0
[2013-11-24 02:17:22] EDIT insider/views/default/stock.html: 0
[2013-11-24 02:18:28] EDIT insider/views/default/stock.html: 0
[2013-11-24 02:18:35] EDIT insider/views/default/stock.html: 0
[2013-11-24 02:20:14] EDIT insider/views/default/stock.html: 0
[2013-11-24 02:21:37] EDIT insider/views/default/stock.html: 0
[2013-11-24 16:13:51] EDIT insider/views/default/stock.html: 0
[2013-11-24 16:14:53] EDIT insider/views/default/stock.html: 0
[2013-11-24 16:16:16] EDIT insider/views/default/stock.html: 0
[2013-11-24 16:17:36] EDIT insider/views/default/stock.html: 0
[2013-11-24 16:17:57] EDIT insider/views/default/stock.html: 1
[2013-11-24 16:18:50] EDIT insider/controllers/default.py: 0
[2013-11-24 16:19:21] EDIT insider/controllers/default.py: 0
[2013-11-24 16:21:01] EDIT insider/views/default/stock.html: -1
[2013-11-24 16:23:34] EDIT insider/views/default/stock.html: 2
[2013-11-24 16:23:39] EDIT insider/views/default/stock.html: 0
[2013-11-24 16:24:59] EDIT insider/views/default/stock.html: 0
[2013-11-24 16:25:16] EDIT insider/views/default/stock.html: 0
[2013-11-24 16:25:18] EDIT insider/views/default/stock.html: 0
[2013-11-24 16:25:35] EDIT insider/views/default/stock.html: 0
[2013-11-24 16:30:35] EDIT insider/views/default/stock.html: 0
[2013-11-24 17:27:13] EDIT insider/views/default/stock.html: 0
[2013-11-24 17:28:07] EDIT insider/controllers/default.py: 0
[2013-11-24 17:28:47] EDIT insider/controllers/default.py: 0
[2013-11-24 17:29:06] EDIT insider/views/default/stock.html: 0
[2013-11-25 01:42:37] CREATE private/janrain.key: 0
[2013-11-25 01:42:47] EDIT insider/private/private/janrain.key: 1
[2013-11-25 01:47:04] EDIT insider/models/db.py: 6
[2013-11-25 01:47:34] EDIT insider/models/db.py: 0
[2013-11-25 01:47:46] EDIT insider/models/db.py: 0
[2013-11-25 01:47:50] EDIT insider/models/db.py: 0
[2013-11-25 01:49:17] EDIT insider/models/db.py: 0
[2013-11-25 01:50:35] EDIT insider/views/default/user.html: 2
[2013-11-25 01:51:05] EDIT insider/views/default/user.html: 0
[2013-11-25 01:52:00] EDIT insider/views/default/user.html: 0
[2013-11-25 01:52:59] EDIT insider/views/default/stock.html: 0
[2013-11-25 01:54:48] EDIT insider/views/default/stock.html: 1
[2013-11-25 01:55:20] EDIT insider/views/default/stock.html: 0
[2013-11-25 01:55:49] CREATE default/posts.load: 0
[2013-11-25 01:56:54] EDIT insider/controllers/default.py: 3
[2013-11-25 01:57:25] EDIT insider/views/default/stock.html: 0
[2013-11-25 01:58:13] EDIT insider/views/default/stock.html: 0
[2013-11-25 01:59:25] EDIT insider/controllers/default.py: 2
[2013-11-25 01:59:56] EDIT insider/controllers/default.py: 1
[2013-11-25 02:00:01] EDIT insider/controllers/default.py: 0
[2013-11-25 02:01:48] EDIT insider/views/default/posts.load: 6
[2013-11-25 02:04:22] EDIT insider/views/default/posts.load: 2
[2013-11-25 02:04:57] EDIT insider/views/default/posts.load: -3
[2013-11-25 02:06:58] EDIT insider/controllers/default.py: 1
[2013-11-25 02:07:55] EDIT insider/controllers/default.py: 0
[2013-11-25 02:08:05] EDIT insider/controllers/default.py: 0
[2013-11-25 02:08:25] EDIT insider/views/default/posts.load: 0
[2013-11-25 02:09:02] EDIT insider/views/default/stock.html: -36
[2013-11-25 02:09:26] EDIT insider/views/default/stock.html: 0
[2013-11-25 02:09:37] EDIT insider/views/default/stock.html: 0
[2013-11-25 02:09:58] EDIT insider/controllers/default.py: 0
[2013-11-25 02:10:39] EDIT insider/controllers/default.py: 0
[2013-11-25 02:11:05] EDIT insider/controllers/default.py: 0
[2013-11-25 02:11:36] EDIT insider/controllers/default.py: 0
[2013-11-25 02:13:04] EDIT insider/views/default/stock.html: 0
[2013-11-25 02:13:17] EDIT insider/controllers/default.py: 0
[2013-11-25 02:13:49] EDIT insider/controllers/default.py: -1
[2013-11-25 02:13:56] EDIT insider/controllers/default.py: 0
[2013-11-25 02:14:32] EDIT insider/views/default/posts.load: 0
[2013-11-25 02:14:53] EDIT insider/controllers/default.py: 0
[2013-11-25 02:15:44] EDIT insider/views/default/posts.load: 0
[2013-11-25 02:15:53] EDIT insider/views/default/posts.load: 0
[2013-11-25 02:16:10] EDIT insider/views/default/posts.load: 0
[2013-11-25 02:17:12] EDIT insider/views/default/stock.html: 0
[2013-11-25 02:22:07] EDIT insider/views/default/posts.load: 0
[2013-11-25 02:22:38] EDIT insider/views/default/posts.load: 1
[2013-11-25 02:25:41] EDIT insider/views/default/posts.load: 13
[2013-11-25 02:27:19] EDIT insider/controllers/default.py: 2
[2013-11-25 02:27:35] EDIT insider/controllers/default.py: 0
[2013-11-25 02:27:37] EDIT insider/controllers/default.py: 0
[2013-11-25 02:27:55] EDIT insider/controllers/default.py: 0
[2013-11-25 02:28:13] EDIT insider/controllers/default.py: 0
[2013-11-25 02:28:26] EDIT insider/controllers/default.py: 1
[2013-11-25 02:28:38] EDIT insider/controllers/default.py: 0
[2013-11-25 02:29:48] EDIT insider/views/default/posts.load: 0
[2013-11-25 02:31:16] EDIT insider/views/default/stock.html: 0
[2013-11-25 02:32:24] EDIT insider/controllers/default.py: 0
[2013-11-25 02:33:13] EDIT insider/views/default/posts.load: 0
[2013-11-25 02:34:21] EDIT insider/views/default/posts.load: 0
[2013-11-25 02:35:11] EDIT insider/views/default/posts.load: -1
[2013-11-25 02:35:48] EDIT insider/views/default/posts.load: 0
[2013-11-25 02:36:56] EDIT insider/views/default/posts.load: 2
[2013-11-25 02:38:24] EDIT insider/views/default/posts.load: 2
[2013-11-25 02:38:40] EDIT insider/views/default/posts.load: 0
[2013-11-25 02:39:20] EDIT insider/views/default/posts.load: 0
[2013-11-25 02:39:33] EDIT insider/views/default/posts.load: 0
[2013-11-25 02:40:10] EDIT insider/views/default/posts.load: 0
[2013-11-25 02:40:40] EDIT insider/views/default/posts.load: 0
[2013-11-25 02:45:57] EDIT insider/views/default/posts.load: 0
[2013-11-25 02:49:31] EDIT insider/controllers/default.py: 0
[2013-11-25 02:50:47] EDIT insider/controllers/default.py: 0
[2013-11-25 02:52:54] EDIT insider/controllers/default.py: 0
[2013-11-25 02:53:00] EDIT insider/controllers/default.py: 0
[2013-11-25 02:53:17] EDIT insider/controllers/default.py: 0
[2013-11-25 02:53:30] EDIT insider/views/default/stock.html: 0
[2013-11-25 02:54:03] EDIT insider/controllers/default.py: 1
[2013-11-25 02:54:06] EDIT insider/controllers/default.py: 0
[2013-11-25 02:54:09] EDIT insider/controllers/default.py: 0
[2013-11-25 02:54:17] EDIT insider/controllers/default.py: 0
[2013-11-25 02:54:25] EDIT insider/controllers/default.py: 0
[2013-11-25 02:54:34] EDIT insider/controllers/default.py: 0
[2013-11-25 02:54:55] EDIT insider/controllers/default.py: 0
[2013-11-25 02:55:31] EDIT insider/views/default/posts.load: 0
[2013-11-25 02:55:46] EDIT insider/views/default/posts.load: 0
[2013-11-25 02:57:05] EDIT insider/views/default/posts.load: 0
[2013-11-25 02:58:06] EDIT insider/controllers/default.py: 0
[2013-11-25 02:59:13] EDIT insider/views/default/stock.html: 0
[2013-11-25 02:59:50] EDIT insider/controllers/default.py: 0
[2013-11-25 02:59:55] EDIT insider/controllers/default.py: 0
[2013-11-25 03:02:30] EDIT insider/views/default/stock.html: 0
[2013-11-25 03:02:40] EDIT insider/controllers/default.py: 0
[2013-11-25 03:02:43] EDIT insider/controllers/default.py: 0
[2013-11-25 03:02:49] EDIT insider/controllers/default.py: 0
[2013-11-25 03:03:49] EDIT insider/controllers/default.py: 0
[2013-11-25 03:04:22] EDIT insider/controllers/default.py: 0
[2013-11-25 03:06:21] EDIT insider/controllers/default.py: 0
[2013-11-25 03:06:35] EDIT insider/controllers/default.py: 0
[2013-11-25 03:07:12] EDIT insider/controllers/default.py: 0
[2013-11-25 03:07:35] EDIT insider/controllers/default.py: 0
[2013-11-25 03:07:48] EDIT insider/views/default/stock.html: 0
[2013-11-25 03:08:12] EDIT insider/controllers/default.py: 0
[2013-11-25 03:10:36] EDIT insider/views/default/posts.load: 0
[2013-11-25 03:10:46] EDIT insider/views/default/posts.load: 0
[2013-11-25 03:12:08] EDIT insider/controllers/default.py: 0
[2013-11-25 03:13:05] EDIT insider/views/default/posts.load: 0
[2013-11-25 03:14:31] EDIT insider/views/default/posts.load: 0
[2013-11-25 03:14:34] EDIT insider/views/default/posts.load: 0
[2013-11-25 03:14:37] EDIT insider/views/default/posts.load: 0
[2013-11-25 03:14:55] EDIT insider/controllers/default.py: 0
[2013-11-25 03:15:33] EDIT insider/controllers/default.py: 0
[2013-11-25 03:15:48] EDIT insider/controllers/default.py: 0
[2013-11-25 03:18:20] EDIT insider/controllers/default.py: 0
[2013-11-25 03:18:48] EDIT insider/controllers/default.py: 0
[2013-11-25 03:18:53] EDIT insider/controllers/default.py: 0
[2013-11-25 03:20:46] EDIT insider/controllers/default.py: -1
[2013-11-25 03:22:15] EDIT insider/controllers/default.py: 1
[2013-11-25 03:22:24] EDIT insider/controllers/default.py: 0
[2013-11-25 03:23:32] EDIT insider/controllers/default.py: 0
[2013-11-25 03:23:41] EDIT insider/controllers/default.py: 0
[2013-11-25 03:24:06] EDIT insider/views/default/posts.load: 0
[2013-11-25 03:24:10] EDIT insider/views/default/posts.load: 0
[2013-11-25 03:24:19] EDIT insider/controllers/default.py: 0
[2013-11-25 03:24:48] EDIT insider/controllers/default.py: 0
[2013-11-25 03:25:02] EDIT insider/controllers/default.py: 0
[2013-11-25 03:26:47] EDIT insider/controllers/default.py: -1
[2013-11-25 03:30:45] EDIT insider/controllers/default.py: 0
[2013-11-25 03:31:01] EDIT insider/controllers/default.py: 0
[2013-11-25 03:31:04] EDIT insider/controllers/default.py: 0
[2013-11-25 03:31:22] EDIT insider/controllers/default.py: 0
[2013-11-25 03:31:42] EDIT insider/controllers/default.py: 0
[2013-11-25 03:32:17] EDIT insider/controllers/default.py: 0
[2013-11-25 03:32:44] EDIT insider/controllers/default.py: 0
[2013-11-25 03:32:56] EDIT insider/controllers/default.py: 0
[2013-11-25 03:34:21] EDIT insider/views/default/posts.load: 0
[2013-11-25 03:36:47] EDIT insider/controllers/default.py: -2
[2013-11-25 03:37:03] EDIT insider/controllers/default.py: 0
[2013-11-25 03:37:25] EDIT insider/controllers/default.py: 0
[2013-11-25 03:45:48] EDIT insider/views/default/stock.html: 0
[2013-11-25 03:46:32] EDIT insider/controllers/default.py: 0
[2013-11-25 03:53:30] EDIT insider/views/default/posts.load: -9
[2013-11-25 03:53:43] EDIT insider/views/default/posts.load: 1
[2013-11-25 03:54:50] EDIT insider/views/default/posts.load: 0
[2013-11-25 03:55:18] EDIT insider/views/default/posts.load: 1
[2013-11-25 03:56:00] EDIT insider/views/default/posts.load: -4
[2013-11-25 03:56:32] EDIT insider/views/default/posts.load: 0
[2013-11-25 03:57:10] EDIT insider/views/default/posts.load: 1
[2013-11-25 03:57:44] EDIT insider/views/default/posts.load: -1
[2013-11-25 03:58:45] EDIT insider/views/default/posts.load: 0
[2013-11-25 03:59:01] EDIT insider/views/default/posts.load: 0
[2013-11-25 03:59:39] EDIT insider/views/default/posts.load: 1
[2013-11-25 04:00:10] EDIT insider/views/default/posts.load: 9
[2013-11-25 04:01:16] EDIT insider/views/default/posts.load: 0
[2013-11-25 04:01:25] EDIT insider/views/default/posts.load: 0
[2013-11-25 04:01:47] EDIT insider/views/default/posts.load: 0
[2013-11-25 04:03:05] CREATE default/vote.load: 0
[2013-11-25 04:04:36] EDIT insider/views/default/vote.load: -11
[2013-11-25 04:04:56] EDIT insider/views/default/vote.load: 0
[2013-11-25 04:05:15] EDIT insider/views/default/posts.load: -1
[2013-11-25 04:06:33] EDIT insider/views/default/posts.load: -7
[2013-11-25 04:07:00] EDIT insider/views/default/posts.load: 0
[2013-11-25 04:07:57] EDIT insider/views/default/posts.load: 0
[2013-11-25 04:08:17] EDIT insider/controllers/default.py: 0
[2013-11-25 04:08:31] EDIT insider/controllers/default.py: 1
[2013-11-25 04:09:31] EDIT insider/controllers/default.py: 1
[2013-11-25 04:10:58] EDIT insider/controllers/default.py: 1
[2013-11-25 04:11:01] EDIT insider/controllers/default.py: 0
[2013-11-25 04:11:04] EDIT insider/controllers/default.py: 0
[2013-11-25 04:11:19] EDIT insider/views/default/posts.load: 0
[2013-11-25 04:12:02] EDIT insider/controllers/default.py: 0
[2013-11-25 04:12:29] EDIT insider/views/default/vote.load: 0
[2013-11-25 04:12:32] EDIT insider/views/default/vote.load: 0
[2013-11-25 04:13:49] EDIT insider/controllers/default.py: 2
[2013-11-25 04:14:14] EDIT insider/controllers/default.py: -1
[2013-11-25 04:15:22] EDIT insider/controllers/default.py: 0
[2013-11-25 04:15:36] EDIT insider/controllers/default.py: 0
[2013-11-25 04:17:00] EDIT insider/views/default/vote.load: 0
[2013-11-25 04:17:23] EDIT insider/views/default/vote.load: 0
[2013-11-25 04:17:48] EDIT insider/views/default/vote.load: 0
[2013-11-25 04:17:55] EDIT insider/views/default/vote.load: 0
[2013-11-25 04:18:37] EDIT insider/views/default/vote.load: 0
[2013-11-25 04:18:42] EDIT insider/views/default/vote.load: 0
[2013-11-25 04:26:58] EDIT insider/views/layout.html: 3
[2013-11-25 04:27:09] EDIT insider/views/layout.html: 0
[2013-11-25 04:27:33] EDIT insider/views/layout.html: 0
[2013-11-25 04:28:58] EDIT insider/views/default/posts.load: 4
[2013-11-25 04:29:03] EDIT insider/views/default/posts.load: 0
[2013-11-25 04:29:12] EDIT insider/views/default/posts.load: 0
[2013-11-25 04:29:24] EDIT insider/views/default/posts.load: 0
[2013-11-25 04:29:29] EDIT insider/views/default/posts.load: -1
[2013-11-25 04:30:37] EDIT insider/views/layout.html: -3
[2013-11-25 04:30:48] EDIT insider/views/default/posts.load: 3
[2013-11-25 04:30:52] EDIT insider/views/default/posts.load: 0
[2013-11-25 04:33:42] EDIT insider/views/default/posts.load: -9
[2013-11-25 04:33:45] EDIT insider/views/default/posts.load: 0
[2013-11-25 04:34:21] EDIT insider/views/default/posts.load: 1
[2013-11-25 04:38:32] EDIT insider/views/default/posts.load: 9
[2013-11-25 04:38:38] EDIT insider/views/default/posts.load: 0
[2013-11-25 04:39:47] EDIT insider/views/default/posts.load: -1
[2013-11-25 04:41:00] EDIT insider/views/default/posts.load: 0
[2013-11-25 04:41:52] EDIT insider/views/default/posts.load: 2
[2013-11-25 04:42:47] EDIT insider/views/default/posts.load: -2
[2013-11-25 04:43:04] EDIT insider/views/default/posts.load: 0
[2013-11-25 04:43:31] EDIT insider/views/default/posts.load: 0
[2013-11-25 04:44:00] EDIT insider/views/default/posts.load: 2
[2013-11-25 04:44:13] EDIT insider/views/default/posts.load: -2
[2013-11-25 04:44:21] EDIT insider/views/default/posts.load: 0
[2013-11-25 04:44:44] EDIT insider/views/default/posts.load: 1
[2013-11-25 04:46:11] EDIT insider/views/default/posts.load: 0
[2013-11-25 13:06:22] EDIT insider/views/default/chart.load: 0
[2013-11-25 13:11:33] EDIT insider/models/db_stocks.py: 3
[2013-11-25 13:11:54] EDIT insider/models/db_stocks.py: 0
[2013-11-25 13:14:25] EDIT insider/models/db_stocks.py: 4
[2013-11-25 13:14:42] EDIT insider/models/db_stocks.py: 0
[2013-11-25 13:15:31] EDIT insider/models/db_stocks.py: 0
[2013-11-25 13:15:53] EDIT insider/models/db_stocks.py: 0
[2013-11-25 13:16:34] EDIT insider/models/db_stocks.py: 1
[2013-11-25 13:18:43] EDIT insider/models/db_stocks.py: 2
[2013-11-25 13:19:14] EDIT insider/views/default/stock.html: 0
[2013-11-25 13:19:43] EDIT insider/controllers/default.py: 1
[2013-11-25 13:20:08] EDIT insider/models/db_stocks.py: 0
[2013-11-25 13:21:25] EDIT insider/views/default/stock.html: 0
[2013-11-25 13:21:52] EDIT insider/views/default/stock.html: 0
[2013-11-25 13:24:31] EDIT insider/views/default/stock.html: 0
[2013-11-25 13:24:45] EDIT insider/views/default/stock.html: 0
[2013-11-25 13:25:11] EDIT insider/views/default/stock.html: 0
[2013-11-25 13:26:07] EDIT insider/views/default/stock.html: 0
[2013-11-25 13:27:27] EDIT insider/views/default/stock.html: 0
[2013-11-25 13:29:13] EDIT insider/views/default/stock.html: 0
[2013-11-25 13:30:03] EDIT insider/models/db_stocks.py: 1
[2013-11-25 13:31:27] EDIT insider/views/default/stock.html: 0
[2013-11-25 13:31:58] EDIT insider/views/default/stock.html: 0
[2013-11-25 13:32:08] EDIT insider/views/default/stock.html: 0
[2013-11-25 13:36:00] EDIT insider/models/db_stocks.py: 1
[2013-11-25 13:36:20] EDIT insider/models/db_stocks.py: 0
[2013-11-25 13:39:09] EDIT insider/views/default/stock.html: 2
[2013-11-25 13:40:18] EDIT insider/views/default/stock.html: 5
[2013-11-25 13:40:59] EDIT insider/views/default/stock.html: 0
[2013-11-25 13:46:06] EDIT insider/views/default/stock.html: 0
[2013-11-25 13:46:12] EDIT insider/views/default/stock.html: 0
[2013-11-25 13:46:58] EDIT insider/views/default/stock.html: 0
[2013-11-25 13:51:12] EDIT insider/views/default/stock.html: 0
[2013-11-25 13:51:27] EDIT insider/views/default/stock.html: 0
[2013-11-25 13:51:44] EDIT insider/views/default/stock.html: 0
[2013-11-25 13:52:18] EDIT insider/views/default/stock.html: 0
[2013-11-25 13:52:53] EDIT insider/views/default/stock.html: 0
[2013-11-25 13:52:59] EDIT insider/views/default/stock.html: 0
[2013-11-25 13:53:29] EDIT insider/views/default/stock.html: 0
[2013-11-25 13:53:33] EDIT insider/views/default/stock.html: 0
[2013-11-25 13:54:02] EDIT insider/views/default/stock.html: 0
[2013-11-25 13:55:58] EDIT insider/views/default/stock.html: 0
[2013-11-25 13:56:02] EDIT insider/views/default/stock.html: 0
[2013-11-25 13:56:12] EDIT insider/views/default/stock.html: 0
[2013-11-25 13:58:15] EDIT insider/models/db_stocks.py: 1
[2013-11-25 13:58:20] EDIT insider/models/db_stocks.py: 0
[2013-11-25 13:59:33] EDIT insider/models/db_stocks.py: 1
[2013-11-25 14:05:13] EDIT insider/models/db_stocks.py: 0
[2013-11-25 14:05:23] EDIT insider/models/db_stocks.py: 0
[2013-11-25 14:05:51] EDIT insider/models/db_stocks.py: 0
[2013-11-25 14:06:00] EDIT insider/models/db_stocks.py: 0
[2013-11-25 14:06:16] EDIT insider/models/db_stocks.py: 1
[2013-11-25 14:07:45] EDIT insider/models/db_stocks.py: 0
[2013-11-25 14:07:52] EDIT insider/models/db_stocks.py: 0
[2013-11-25 14:07:56] EDIT insider/models/db_stocks.py: 0
[2013-11-25 14:08:02] EDIT insider/controllers/default.py: 1
[2013-11-25 14:09:26] EDIT insider/views/default/ticker.load: 0
[2013-11-25 14:10:04] EDIT insider/views/default/ticker.load: 0
[2013-11-25 14:12:52] EDIT insider/views/default/ticker.load: 0
[2013-11-25 14:20:20] EDIT insider/views/default/posts.load: 1
[2013-11-25 14:29:19] EDIT insider/models/db_stocks.py: 2
[2013-11-25 14:30:06] EDIT insider/models/db_stocks.py: 0
[2013-11-25 14:30:26] EDIT insider/models/db_stocks.py: 0
[2013-11-25 14:32:04] EDIT insider/models/db_stocks.py: 0
[2013-11-25 14:32:30] EDIT insider/controllers/default.py: 0
[2013-11-25 14:32:31] EDIT insider/controllers/default.py: 0
[2013-11-25 14:33:02] EDIT insider/models/db_stocks.py: 1
[2013-11-25 14:33:32] EDIT insider/models/db_stocks.py: 0
[2013-11-25 14:33:47] EDIT insider/models/db_stocks.py: 0
[2013-11-25 14:34:02] EDIT insider/models/db_stocks.py: 0
[2013-11-25 14:34:10] EDIT insider/models/db_stocks.py: 0
[2013-11-25 14:34:57] EDIT insider/models/db_stocks.py: 0
[2013-11-25 14:35:10] EDIT insider/models/db_stocks.py: 0
[2013-11-25 14:35:57] EDIT insider/models/db_stocks.py: 0
[2013-11-25 14:37:26] EDIT insider/models/db_stocks.py: 0
[2013-11-25 14:38:09] EDIT insider/models/db_stocks.py: 0
[2013-11-25 14:39:13] EDIT insider/models/db_stocks.py: 0
[2013-11-25 14:39:19] EDIT insider/models/db_stocks.py: 0
[2013-11-25 14:39:40] EDIT insider/models/db_stocks.py: 0
[2013-11-25 14:39:47] EDIT insider/models/db_stocks.py: 0
[2013-11-25 14:40:11] EDIT insider/models/db_stocks.py: 0
[2013-11-25 14:41:08] EDIT insider/models/db_stocks.py: 0
[2013-11-25 14:41:23] EDIT insider/models/db_stocks.py: 0
[2013-11-25 14:41:49] EDIT insider/models/db_stocks.py: 0
[2013-11-25 14:44:30] EDIT insider/models/db_stocks.py: 0
[2013-11-25 14:44:36] EDIT insider/models/db_stocks.py: 0
[2013-11-25 14:47:10] EDIT insider/controllers/default.py: 1
[2013-11-25 14:47:47] EDIT insider/controllers/default.py: 0
[2013-11-25 14:48:52] EDIT insider/controllers/default.py: 0
[2013-11-25 14:50:46] EDIT insider/controllers/default.py: 2
[2013-11-25 14:50:57] EDIT insider/controllers/default.py: 0
[2013-11-25 14:51:06] EDIT insider/controllers/default.py: 0
[2013-11-25 15:00:50] EDIT insider/models/db_stocks.py: 1
[2013-11-25 15:07:17] EDIT insider/models/db_stocks.py: -1
[2013-11-25 15:07:29] EDIT insider/controllers/default.py: -4
[2013-11-25 15:07:41] EDIT insider/models/db_stocks.py: 1
[2013-11-25 15:07:51] EDIT insider/models/db_stocks.py: -1
[2013-11-25 15:09:50] EDIT insider/models/db_stocks.py: 0
[2013-11-25 15:11:05] EDIT insider/models/db_stocks.py: 0
[2013-11-25 15:11:11] EDIT insider/models/db_stocks.py: 0
[2013-11-25 15:11:19] EDIT insider/models/db_stocks.py: 0
[2013-11-25 15:11:25] EDIT insider/models/db_stocks.py: 0
[2013-11-25 15:13:03] EDIT insider/models/db_stocks.py: 1
[2013-11-25 15:13:54] EDIT insider/models/db_stocks.py: 0
[2013-11-25 15:14:18] EDIT insider/models/db_stocks.py: 0
[2013-11-25 15:14:28] EDIT insider/models/db_stocks.py: 0
[2013-11-25 15:14:41] EDIT insider/models/db_stocks.py: 0
[2013-11-25 15:14:56] EDIT insider/models/db_stocks.py: 0
[2013-11-25 15:15:05] EDIT insider/models/db_stocks.py: 0
[2013-11-25 15:15:08] EDIT insider/models/db_stocks.py: 0
[2013-11-25 15:15:49] EDIT insider/models/db_stocks.py: 0
[2013-11-25 15:20:24] EDIT insider/views/default/ticker.load: 0
[2013-11-25 15:20:36] EDIT insider/views/default/ticker.load: 0
[2013-11-25 15:23:07] EDIT insider/controllers/default.py: 2
[2013-11-25 15:24:22] EDIT insider/models/db_stocks.py: 0
[2013-11-25 15:24:28] EDIT insider/models/db_stocks.py: -1
[2013-11-25 15:26:24] EDIT insider/models/db_stocks.py: 0
[2013-11-25 15:26:53] EDIT insider/controllers/default.py: -1
[2013-11-25 15:28:33] EDIT insider/controllers/default.py: 0
[2013-11-25 15:29:16] EDIT insider/models/db_stocks.py: 0
[2013-11-25 15:29:27] EDIT insider/models/db_stocks.py: 0
[2013-11-25 15:41:22] EDIT insider/views/default/ticker.load: 0
[2013-11-25 15:43:54] EDIT insider/controllers/default.py: 0
[2013-11-25 15:48:01] EDIT insider/models/db_stocks.py: 3
[2013-11-25 15:48:22] EDIT insider/views/default/ticker.load: 0
[2013-11-25 15:49:02] EDIT insider/controllers/default.py: 0
[2013-11-25 15:49:04] EDIT insider/controllers/default.py: 0
[2013-11-25 15:51:06] EDIT insider/controllers/default.py: 0
[2013-11-25 15:51:18] EDIT insider/models/db_stocks.py: 0
[2013-11-25 15:52:14] EDIT insider/views/default/ticker.load: 3
[2013-11-25 15:52:54] EDIT insider/views/default/ticker.load: 0
[2013-11-25 15:53:00] EDIT insider/views/default/ticker.load: 0
[2013-11-25 15:55:03] EDIT insider/views/default/ticker.load: 3
[2013-11-25 15:55:10] EDIT insider/views/default/ticker.load: 0
[2013-11-25 15:55:16] EDIT insider/views/default/ticker.load: 1
[2013-11-25 15:55:32] EDIT insider/views/default/ticker.load: 0
[2013-11-25 15:56:04] EDIT insider/views/default/ticker.load: 0
[2013-11-25 16:01:45] EDIT insider/views/default/ticker.load: 0
[2013-11-25 16:02:40] EDIT insider/views/default/ticker.load: 0
[2013-11-25 16:03:18] EDIT insider/views/default/ticker.load: 3
[2013-11-25 16:04:20] EDIT insider/views/default/ticker.load: 0
[2013-11-25 16:05:01] EDIT insider/views/default/ticker.load: -3
[2013-11-25 16:05:37] EDIT insider/views/layout.html: 3
[2013-11-25 16:06:11] EDIT insider/views/default/ticker.load: 0
[2013-11-25 16:06:37] EDIT insider/views/default/ticker.load: 0
[2013-11-25 16:06:45] EDIT insider/views/default/ticker.load: 0
[2013-11-25 16:07:12] EDIT insider/views/layout.html: 0
[2013-11-25 16:07:13] EDIT insider/views/layout.html: 0
[2013-11-25 16:07:16] EDIT insider/views/layout.html: 0
[2013-11-25 16:08:34] EDIT insider/views/default/ticker.load: 0
[2013-11-25 16:08:38] EDIT insider/views/default/ticker.load: 0
[2013-11-25 16:09:18] EDIT insider/views/default/ticker.load: 2
[2013-11-25 16:09:45] EDIT insider/views/default/ticker.load: 1
[2013-11-25 16:11:03] EDIT insider/views/default/ticker.load: 0
[2013-11-25 16:11:12] EDIT insider/views/default/ticker.load: 0
[2013-11-25 16:11:16] EDIT insider/views/default/ticker.load: 0
[2013-11-25 16:12:02] EDIT insider/views/default/ticker.load: 0
[2013-11-25 16:12:40] EDIT insider/views/default/ticker.load: 0
[2013-11-25 16:14:10] EDIT insider/views/default/ticker.load: 0
[2013-11-25 16:14:23] EDIT insider/views/default/ticker.load: 0
[2013-11-25 16:16:07] EDIT insider/views/default/ticker.load: 0
[2013-11-25 16:17:19] EDIT insider/controllers/default.py: 0
[2013-11-26 00:03:59] EDIT insider/models/db_stocks.py: 11
[2013-11-26 00:04:47] EDIT insider/models/db_stocks.py: 1
[2013-11-26 00:04:55] EDIT insider/models/db_stocks.py: 0
[2013-11-26 00:12:15] EDIT insider/models/db_stocks.py: 12
[2013-11-26 00:12:23] EDIT insider/models/db_stocks.py: -1
[2013-11-26 00:13:18] EDIT insider/models/db_stocks.py: 0
[2013-11-26 00:13:49] EDIT insider/models/db_stocks.py: 0
[2013-11-26 00:15:05] EDIT insider/controllers/default.py: 0
[2013-11-26 00:16:06] EDIT insider/views/default/stock.html: 0
[2013-11-26 00:16:14] EDIT insider/views/default/stock.html: 0
[2013-11-26 00:19:40] EDIT insider/views/default/stock.html: 0
[2013-11-26 00:19:49] EDIT insider/views/default/stock.html: 0
[2013-11-26 00:21:32] EDIT insider/models/db_stocks.py: 1
[2013-11-26 00:21:45] EDIT insider/models/db_stocks.py: 0
[2013-11-26 00:23:00] EDIT insider/views/default/stock.html: -1
[2013-11-26 00:23:54] EDIT insider/views/default/stock.html: 0
[2013-11-26 00:24:28] EDIT insider/views/default/stock.html: 0
[2013-11-26 00:25:08] EDIT insider/views/default/stock.html: 0
[2013-11-26 00:27:54] EDIT insider/views/default/stock.html: 7
[2013-11-26 00:27:59] EDIT insider/views/default/stock.html: -3
[2013-11-26 00:30:05] EDIT insider/models/db_stocks.py: 1
[2013-11-26 00:30:49] EDIT insider/models/db_stocks.py: 1
[2013-11-26 00:31:14] EDIT insider/models/db_stocks.py: 0
[2013-11-26 00:31:24] EDIT insider/models/db_stocks.py: 0
[2013-11-26 00:31:54] EDIT insider/views/default/stock.html: 0
[2013-11-26 00:32:44] EDIT insider/views/default/stock.html: 0
[2013-11-26 00:33:06] EDIT insider/models/db_stocks.py: -1
[2013-11-26 00:33:13] EDIT insider/models/db_stocks.py: 0
[2013-11-26 00:33:19] EDIT insider/models/db_stocks.py: -1
[2013-11-26 00:33:29] EDIT insider/views/default/stock.html: 0
[2013-11-26 00:34:13] EDIT insider/models/db_stocks.py: -1
[2013-11-26 00:35:59] EDIT insider/views/default/stock.html: 3
[2013-11-26 00:36:26] EDIT insider/views/default/stock.html: 0
[2013-11-26 00:36:40] EDIT insider/views/default/stock.html: 0
[2013-11-26 00:36:53] EDIT insider/views/default/stock.html: 0
[2013-11-26 00:37:31] EDIT insider/views/default/stock.html: 0
[2013-11-26 00:38:39] EDIT insider/views/default/stock.html: 3
[2013-11-26 00:40:01] EDIT insider/views/default/stock.html: 0
[2013-11-26 00:41:15] EDIT insider/views/default/stock.html: 3
[2013-11-26 00:41:55] EDIT insider/views/default/stock.html: 0
[2013-11-26 00:43:43] EDIT insider/views/default/stock.html: 0
[2013-11-26 00:47:57] EDIT insider/views/default/stock.html: 0
[2013-11-26 00:48:49] EDIT insider/views/default/stock.html: 0
[2013-11-26 00:49:38] EDIT insider/views/default/stock.html: 0
[2013-11-26 00:50:14] EDIT insider/views/default/stock.html: 0
[2013-11-26 00:51:20] EDIT insider/views/default/stock.html: 0
[2013-11-26 00:51:27] EDIT insider/views/default/stock.html: 0
[2013-11-26 00:53:31] EDIT insider/views/default/stock.html: 0
[2013-11-26 00:54:15] EDIT insider/views/default/stock.html: 0
[2013-11-26 00:54:33] EDIT insider/views/default/stock.html: 0
[2013-11-26 00:54:55] EDIT insider/views/default/stock.html: 0
[2013-11-26 00:55:24] EDIT insider/views/default/stock.html: 0
[2013-11-26 00:55:46] EDIT insider/views/default/stock.html: 0
[2013-11-26 01:00:47] EDIT insider/views/default/stock.html: 0
[2013-11-26 01:04:35] EDIT insider/views/default/stock.html: 2
[2013-11-26 01:05:36] EDIT insider/views/default/stock.html: 2
[2013-11-26 01:05:56] EDIT insider/views/default/stock.html: 0
[2013-11-26 01:05:57] EDIT insider/views/default/stock.html: 0
[2013-11-26 01:06:03] EDIT insider/views/default/stock.html: 0
[2013-11-26 01:07:03] EDIT insider/models/db_stocks.py: 1
[2013-11-26 01:08:20] EDIT insider/views/default/stock.html: 0
[2013-11-26 01:10:26] EDIT insider/controllers/default.py: 1
[2013-11-26 01:10:31] EDIT insider/controllers/default.py: 0
[2013-11-26 01:13:27] EDIT insider/views/default/stock.html: 3
[2013-11-26 01:17:53] EDIT insider/controllers/default.py: 3
[2013-11-26 01:18:09] EDIT insider/controllers/default.py: 0
[2013-11-26 02:22:16] EDIT insider/controllers/default.py: 0
[2013-11-26 02:30:31] EDIT insider/models/db_stocks.py: 3
[2013-11-26 02:30:42] EDIT insider/models/db_stocks.py: 1
[2013-11-26 02:30:46] EDIT insider/models/db_stocks.py: 0
[2013-11-26 02:31:18] EDIT insider/controllers/default.py: -3
[2013-11-26 02:33:44] EDIT insider/models/db_stocks.py: 5
[2013-11-26 02:33:50] EDIT insider/models/db_stocks.py: 0
[2013-11-26 02:34:18] EDIT insider/models/db_stocks.py: 0
[2013-11-26 02:34:19] EDIT insider/models/db_stocks.py: 0
[2013-11-26 02:34:32] EDIT insider/models/db_stocks.py: 0
[2013-11-26 02:34:41] EDIT insider/controllers/default.py: 0
[2013-11-26 02:40:17] EDIT insider/models/db_stocks.py: 0
[2013-11-26 02:41:02] EDIT insider/models/db_stocks.py: 0
[2013-11-26 02:41:34] EDIT insider/models/db_stocks.py: 0
[2013-11-26 02:44:27] EDIT insider/models/db_stocks.py: 0
[2013-11-26 02:46:16] EDIT insider/models/db_stocks.py: 1
[2013-11-26 02:46:22] EDIT insider/models/db_stocks.py: 0
[2013-11-26 02:46:53] EDIT insider/models/db_stocks.py: 0
[2013-11-26 02:46:54] EDIT insider/models/db_stocks.py: 0
[2013-11-26 02:47:16] EDIT insider/models/db_stocks.py: 1
[2013-11-26 02:47:30] EDIT insider/models/db_stocks.py: 0
[2013-11-26 02:48:00] EDIT insider/models/db_stocks.py: 1
[2013-11-26 02:48:06] EDIT insider/models/db_stocks.py: 0
[2013-11-26 02:48:31] EDIT insider/models/db_stocks.py: 1
[2013-11-26 02:48:46] EDIT insider/models/db_stocks.py: 0
[2013-11-26 02:48:50] EDIT insider/models/db_stocks.py: 0
[2013-11-26 02:49:32] EDIT insider/models/db_stocks.py: 1
[2013-11-26 02:49:35] EDIT insider/models/db_stocks.py: 0
[2013-11-26 02:51:51] EDIT insider/views/default/stock.html: 0
[2013-11-26 02:51:56] EDIT insider/views/default/stock.html: 0
[2013-11-26 02:52:14] EDIT insider/views/default/stock.html: 2
[2013-11-26 02:55:20] EDIT insider/views/default/stock.html: 0
[2013-11-26 02:56:58] EDIT insider/views/default/stock.html: 1
[2013-11-26 02:57:03] EDIT insider/views/default/stock.html: 1
[2013-11-26 02:58:02] EDIT insider/views/default/stock.html: 0
[2013-11-26 02:58:35] EDIT insider/views/default/stock.html: 0
[2013-11-26 03:03:01] EDIT insider/views/default/vote.load: 2
[2013-11-26 03:03:44] EDIT insider/views/default/vote.load: 2
[2013-11-26 03:03:50] EDIT insider/views/default/vote.load: 0
[2013-11-26 03:04:39] EDIT insider/controllers/default.py: 3
[2013-11-26 03:04:52] EDIT insider/views/default/vote.load: 0
[2013-11-26 03:06:53] EDIT insider/controllers/default.py: 1
[2013-11-26 03:08:48] EDIT insider/controllers/default.py: 1
[2013-11-26 03:09:06] EDIT insider/controllers/default.py: 1
[2013-11-26 03:09:17] EDIT insider/controllers/default.py: 0
[2013-11-26 03:11:43] EDIT insider/controllers/default.py: 0
[2013-11-26 03:11:50] EDIT insider/controllers/default.py: 0
[2013-11-26 03:12:19] EDIT insider/views/default/vote.load: 7
[2013-11-26 03:12:36] EDIT insider/controllers/default.py: 0
[2013-11-26 03:14:51] EDIT insider/models/db_stocks.py: -1
[2013-11-26 03:17:41] EDIT insider/controllers/default.py: -1
[2013-11-26 03:18:45] EDIT insider/controllers/default.py: -2
[2013-11-26 03:21:20] EDIT insider/controllers/default.py: 1
[2013-11-26 03:22:26] EDIT insider/controllers/default.py: 1
[2013-11-26 03:22:41] EDIT insider/controllers/default.py: 2
[2013-11-26 03:23:40] EDIT insider/controllers/default.py: 0
[2013-11-26 03:24:41] EDIT insider/views/default/vote.load: 0
[2013-11-26 03:24:48] EDIT insider/views/default/vote.load: 0
[2013-11-26 03:26:15] EDIT insider/views/default/vote.load: 9
[2013-11-26 03:28:46] EDIT insider/views/default/vote.load: 12
[2013-11-26 03:29:38] EDIT insider/controllers/default.py: 0
[2013-11-26 03:30:06] EDIT insider/controllers/default.py: 1
[2013-11-26 03:30:07] EDIT insider/controllers/default.py: 0
[2013-11-26 03:31:24] EDIT insider/controllers/default.py: 0
[2013-11-26 03:31:43] EDIT insider/controllers/default.py: 0
[2013-11-26 03:32:25] EDIT insider/controllers/default.py: 0
[2013-11-26 03:33:37] EDIT insider/views/default/vote.load: -5
[2013-11-26 03:33:43] EDIT insider/views/default/vote.load: 0
[2013-11-26 03:34:59] EDIT insider/controllers/default.py: 0
[2013-11-26 03:35:01] EDIT insider/controllers/default.py: 0
[2013-11-26 03:38:05] EDIT insider/controllers/default.py: 0
[2013-11-26 03:38:33] EDIT insider/controllers/default.py: 0
[2013-11-26 03:44:41] EDIT insider/controllers/default.py: 2
[2013-11-26 03:45:11] EDIT insider/controllers/default.py: 0
[2013-11-26 03:48:02] EDIT insider/controllers/default.py: -1
[2013-11-26 03:52:15] EDIT insider/controllers/default.py: 11
[2013-11-26 03:52:47] EDIT insider/controllers/default.py: 0
[2013-11-26 03:53:05] EDIT insider/controllers/default.py: 0
[2013-11-26 03:55:11] EDIT insider/controllers/default.py: 0
[2013-11-26 03:59:18] EDIT insider/models/db_stocks.py: 0
[2013-11-26 04:00:36] EDIT insider/views/default/vote.load: -12
[2013-11-26 04:02:06] EDIT insider/models/db_stocks.py: 0
[2013-11-26 04:03:22] EDIT insider/controllers/default.py: -2
[2013-11-26 04:03:55] EDIT insider/controllers/default.py: 0
[2013-11-26 04:04:59] EDIT insider/controllers/default.py: -12
[2013-11-26 04:05:44] EDIT insider/controllers/default.py: 0
[2013-11-26 04:06:46] EDIT insider/views/default/vote.load: 2
[2013-11-26 04:07:29] EDIT insider/views/default/vote.load: 0
[2013-11-26 04:08:01] EDIT insider/views/default/vote.load: 0
[2013-11-26 04:19:50] EDIT insider/views/default/posts.load: 4
[2013-11-26 04:20:02] EDIT insider/views/default/posts.load: 0
[2013-11-26 04:20:12] EDIT insider/views/default/posts.load: 0
[2013-11-26 04:20:51] EDIT insider/views/default/posts.load: 0
[2013-11-26 04:21:47] EDIT insider/views/default/posts.load: 0
[2013-11-26 04:23:03] EDIT insider/views/default/posts.load: 4
[2013-11-26 04:23:04] EDIT insider/views/default/posts.load: 0
[2013-11-26 04:23:18] EDIT insider/views/default/posts.load: -2
[2013-11-26 04:24:44] EDIT insider/views/default/posts.load: 0
[2013-11-26 04:25:20] EDIT insider/views/default/posts.load: -1
[2013-11-26 04:26:50] EDIT insider/views/default/posts.load: 2
[2013-11-26 04:27:51] EDIT insider/views/default/posts.load: 0
[2013-11-26 04:31:28] EDIT insider/views/default/posts.load: 0
[2013-11-26 04:31:49] EDIT insider/views/default/posts.load: 0
[2013-11-26 04:33:21] EDIT insider/views/default/posts.load: 2
[2013-11-26 04:34:08] EDIT insider/views/default/posts.load: 1
[2013-11-26 04:34:58] EDIT insider/views/default/posts.load: 0
[2013-11-26 04:36:10] EDIT insider/views/default/posts.load: 0
[2013-11-26 04:36:28] CREATE default/userpage.html: 0
[2013-11-26 04:38:06] EDIT insider/controllers/default.py: 3
[2013-11-26 04:38:59] EDIT insider/controllers/default.py: 2
[2013-11-26 04:39:04] EDIT insider/controllers/default.py: 0
[2013-11-26 04:39:40] EDIT insider/controllers/default.py: 1
[2013-11-26 04:40:31] EDIT insider/controllers/default.py: 0
[2013-11-26 04:42:00] EDIT insider/views/default/userpage.html: 4
[2013-11-26 04:42:19] EDIT insider/views/default/posts.load: 0
[2013-11-26 04:43:47] EDIT insider/views/default/vote.load: 0
[2013-11-26 04:46:31] EDIT insider/controllers/default.py: 4
[2013-11-26 04:47:08] EDIT insider/controllers/default.py: 0
[2013-11-26 04:48:20] EDIT insider/views/default/vote.load: 3
[2013-11-26 04:48:56] EDIT insider/views/default/vote.load: -1
[2013-11-26 04:50:00] EDIT insider/controllers/default.py: 0
[2013-11-26 04:51:01] EDIT insider/controllers/default.py: 0
[2013-11-26 04:51:20] EDIT insider/controllers/default.py: 0
[2013-11-26 04:52:21] EDIT insider/controllers/default.py: 0
[2013-11-26 04:52:44] EDIT insider/views/default/vote.load: -2
[2013-11-26 04:52:51] EDIT insider/views/default/vote.load: 0
[2013-11-26 04:53:18] EDIT insider/views/default/vote.load: 0
[2013-11-26 04:53:45] EDIT insider/views/default/vote.load: 3
[2013-11-26 04:54:13] EDIT insider/views/default/vote.load: 0
[2013-11-26 04:54:50] EDIT insider/views/default/posts.load: 0
[2013-11-26 04:55:18] EDIT insider/views/default/userpage.html: 0
[2013-11-26 04:55:38] EDIT insider/controllers/default.py: 0
[2013-11-26 04:59:40] EDIT insider/views/default/userpage.html: 15
[2013-11-26 04:59:47] EDIT insider/views/default/userpage.html: 0
[2013-11-26 05:00:07] EDIT insider/views/default/userpage.html: 0
[2013-11-26 05:00:28] EDIT insider/views/default/userpage.html: 0
[2013-11-26 05:01:52] EDIT insider/controllers/default.py: 3
[2013-11-26 05:02:52] EDIT insider/views/default/userpage.html: 0
[2013-11-26 05:03:05] EDIT insider/views/default/userpage.html: 0
[2013-11-26 05:03:23] EDIT insider/views/default/userpage.html: 0
[2013-11-26 05:03:32] EDIT insider/views/default/userpage.html: 0
[2013-11-26 05:03:42] EDIT insider/views/default/userpage.html: 0
[2013-11-26 05:05:36] EDIT insider/views/default/userpage.html: 4
[2013-11-26 05:05:45] EDIT insider/views/default/userpage.html: 0
[2013-11-26 05:06:48] EDIT insider/views/default/userpage.html: 0
[2013-11-26 05:07:30] EDIT insider/views/default/userpage.html: -1
[2013-11-26 05:07:55] EDIT insider/views/default/userpage.html: -1
[2013-11-26 05:08:01] EDIT insider/views/default/userpage.html: 0
[2013-11-26 05:08:13] EDIT insider/views/default/userpage.html: 0
[2013-11-26 05:09:10] EDIT insider/views/default/userpage.html: 0
[2013-11-26 13:27:17] EDIT insider/models/db_stocks.py: 0
[2013-11-26 13:30:02] EDIT insider/views/default/posts.load: 0
[2013-11-26 13:30:08] EDIT insider/views/default/posts.load: 0
[2013-11-26 13:34:48] EDIT insider/views/default/userpage.html: -3
[2013-11-26 13:35:06] EDIT insider/views/default/userpage.html: 0
[2013-11-26 13:35:31] EDIT insider/views/default/userpage.html: 0
[2013-11-26 13:35:46] EDIT insider/views/default/userpage.html: 0
[2013-11-26 13:36:35] EDIT insider/views/default/userpage.html: 2
[2013-11-26 13:37:51] EDIT insider/views/default/userpage.html: 6
[2013-11-26 13:38:55] EDIT insider/views/default/userpage.html: 2
[2013-11-26 13:39:54] EDIT insider/views/default/userpage.html: -7
[2013-11-26 13:42:59] EDIT insider/models/db_stocks.py: 1
[2013-11-26 13:43:12] EDIT insider/models/db_stocks.py: 0
[2013-11-26 13:44:44] EDIT insider/models/db_stocks.py: 0
[2013-11-26 13:44:48] EDIT insider/models/db_stocks.py: 0
[2013-11-26 13:44:50] EDIT insider/models/db_stocks.py: 0
[2013-11-26 13:45:54] EDIT insider/views/default/posts.load: -4
[2013-11-26 13:46:33] EDIT insider/controllers/default.py: 0
[2013-11-26 13:48:09] EDIT insider/views/default/posts.load: 0
[2013-11-26 13:48:17] EDIT insider/views/default/posts.load: 0
[2013-11-26 13:49:59] EDIT insider/controllers/default.py: 0
[2013-11-26 13:50:49] EDIT insider/controllers/default.py: 0
[2013-11-26 13:56:31] EDIT insider/controllers/default.py: 0
[2013-11-26 13:56:33] EDIT insider/controllers/default.py: 0
[2013-11-26 13:58:00] EDIT insider/controllers/default.py: 0
[2013-11-26 13:58:49] EDIT insider/controllers/default.py: 0
[2013-11-26 13:59:53] EDIT insider/controllers/default.py: 0
[2013-11-26 14:00:51] EDIT insider/controllers/default.py: 0
[2013-11-26 14:01:23] EDIT insider/controllers/default.py: 0
[2013-11-26 14:02:33] EDIT insider/controllers/default.py: 0
[2013-11-26 14:02:47] EDIT insider/controllers/default.py: 0
[2013-11-26 14:03:51] EDIT insider/controllers/default.py: 0
[2013-11-26 14:04:44] EDIT insider/controllers/default.py: 0
[2013-11-26 14:04:57] EDIT insider/models/db_stocks.py: 0
[2013-11-26 14:06:36] EDIT insider/views/default/userpage.html: 0
[2013-11-26 14:06:52] EDIT insider/views/default/userpage.html: 0
[2013-11-26 14:07:03] EDIT insider/views/default/userpage.html: 0
[2013-11-26 14:08:01] EDIT insider/views/default/userpage.html: -2
[2013-11-26 14:09:31] EDIT insider/controllers/default.py: -3
[2013-11-26 14:17:46] EDIT insider/views/default/userpage.html: 0
[2013-11-26 14:18:07] EDIT insider/views/default/userpage.html: 0
[2013-11-26 14:19:23] EDIT insider/views/default/userpage.html: 0
[2013-11-26 14:19:37] EDIT insider/views/default/userpage.html: 0
[2013-11-26 14:20:15] EDIT insider/views/default/userpage.html: 0
[2013-11-26 14:20:57] EDIT insider/views/default/userpage.html: 0
[2013-11-26 14:29:11] EDIT insider/controllers/default.py: 6
[2013-11-26 14:29:29] CREATE default/trending_stocks.load: 0
[2013-11-26 14:30:21] EDIT insider/views/default/trending_stocks.load: -15
[2013-11-26 14:30:55] EDIT insider/views/default/userpage.html: 1
[2013-11-26 14:31:20] EDIT insider/controllers/default.py: 0
[2013-11-26 14:32:02] EDIT insider/controllers/default.py: 0
[2013-11-26 14:35:03] EDIT insider/controllers/default.py: 1
[2013-11-26 14:37:23] EDIT insider/controllers/default.py: 0
[2013-11-26 14:37:30] EDIT insider/controllers/default.py: 0
[2013-11-26 14:39:55] EDIT insider/models/db_stocks.py: 0
[2013-11-26 14:40:25] EDIT insider/models/db_stocks.py: 3
[2013-11-26 14:41:28] EDIT insider/models/db_stocks.py: 1
[2013-11-26 14:41:39] EDIT insider/models/db_stocks.py: 0
[2013-11-26 14:42:04] EDIT insider/controllers/default.py: 1
[2013-11-26 14:42:35] EDIT insider/views/default/trending_stocks.load: -2
[2013-11-26 14:42:53] EDIT insider/views/default/trending_stocks.load: 0
[2013-11-26 14:43:57] EDIT insider/controllers/default.py: 1
[2013-11-26 14:46:16] EDIT insider/controllers/default.py: 0
[2013-11-26 14:46:32] EDIT insider/views/default/trending_stocks.load: 0
[2013-11-26 14:47:23] EDIT insider/controllers/default.py: 0
[2013-11-26 14:47:29] EDIT insider/controllers/default.py: 0
[2013-11-26 14:47:49] EDIT insider/controllers/default.py: 0
[2013-11-26 14:48:02] EDIT insider/views/default/trending_stocks.load: 0
[2013-11-26 14:48:29] EDIT insider/views/default/trending_stocks.load: 1
[2013-11-26 14:48:46] EDIT insider/views/default/trending_stocks.load: 1
[2013-11-26 14:50:50] EDIT insider/views/default/trending_stocks.load: 1
[2013-11-26 14:51:39] EDIT insider/views/default/trending_stocks.load: 2
[2013-11-26 14:51:56] EDIT insider/views/default/trending_stocks.load: 0
[2013-11-26 14:52:35] EDIT insider/views/default/trending_stocks.load: -1
[2013-11-26 14:52:40] EDIT insider/views/default/trending_stocks.load: 0
[2013-11-26 14:52:58] EDIT insider/views/default/trending_stocks.load: -1
[2013-11-26 14:53:27] EDIT insider/controllers/default.py: 0
[2013-11-26 14:54:43] EDIT insider/views/default/trending_stocks.load: 1
[2013-11-26 14:55:19] EDIT insider/views/default/trending_stocks.load: 0
[2013-11-26 14:55:40] EDIT insider/views/default/trending_stocks.load: 0
[2013-11-26 14:55:57] EDIT insider/views/default/trending_stocks.load: 1
[2013-11-26 14:56:40] EDIT insider/controllers/default.py: 0
[2013-11-26 14:58:25] EDIT insider/controllers/default.py: 1
[2013-11-26 14:59:29] EDIT insider/controllers/default.py: 0
[2013-11-26 14:59:59] EDIT insider/controllers/default.py: 0
[2013-11-26 15:01:07] EDIT insider/controllers/default.py: 1
[2013-11-26 15:01:43] EDIT insider/controllers/default.py: -1
[2013-11-26 15:03:46] EDIT insider/models/db_stocks.py: 1
[2013-11-26 15:03:52] EDIT insider/models/db_stocks.py: 0
[2013-11-26 15:04:23] EDIT insider/controllers/default.py: -1
[2013-11-26 15:04:44] EDIT insider/controllers/default.py: 0
[2013-11-26 15:07:06] EDIT insider/views/default/trending_stocks.load: 0
[2013-11-26 15:07:23] EDIT insider/views/default/trending_stocks.load: 0
[2013-11-26 15:07:46] EDIT insider/views/default/trending_stocks.load: 0
[2013-11-26 15:08:19] EDIT insider/views/default/trending_stocks.load: 0
[2013-11-26 15:10:00] EDIT insider/views/default/trending_stocks.load: 0
[2013-11-26 15:10:11] EDIT insider/views/default/trending_stocks.load: 0
[2013-11-26 15:10:27] EDIT insider/views/default/trending_stocks.load: 0
[2013-11-26 15:10:49] EDIT insider/views/default/trending_stocks.load: 0
[2013-11-26 15:12:38] EDIT insider/views/default/trending_stocks.load: 4
[2013-11-26 15:12:44] EDIT insider/views/default/trending_stocks.load: 0
[2013-11-26 15:15:15] EDIT insider/views/default/trending_stocks.load: 0
[2013-11-26 15:15:59] EDIT insider/views/default/trending_stocks.load: 0
[2013-11-26 15:17:02] EDIT insider/controllers/default.py: 1
[2013-11-26 15:17:17] EDIT insider/controllers/default.py: 0
[2013-11-26 15:17:36] EDIT insider/views/default/trending_stocks.load: 0
[2013-11-26 15:18:56] EDIT insider/controllers/default.py: 3
[2013-11-26 15:19:20] EDIT insider/views/default/trending_stocks.load: 0
[2013-11-26 15:19:52] EDIT insider/controllers/default.py: 0
[2013-11-26 15:28:28] EDIT insider/controllers/default.py: 8
[2013-11-26 15:28:49] CREATE default/active_users.load: 0
[2013-11-26 15:29:17] EDIT insider/views/default/active_users.load: -8
[2013-11-26 15:29:43] EDIT insider/controllers/default.py: 0
[2013-11-26 15:30:00] EDIT insider/views/default/userpage.html: 1
[2013-11-26 15:32:35] EDIT insider/views/default/active_users.load: -3
[2013-11-26 15:33:59] EDIT insider/views/default/active_users.load: 0
[2013-11-26 15:34:22] EDIT insider/views/default/active_users.load: 0
[2013-11-26 15:34:36] EDIT insider/views/default/active_users.load: 0
[2013-11-26 15:34:45] EDIT insider/views/default/active_users.load: 0
[2013-11-26 15:34:53] EDIT insider/views/default/active_users.load: 0
[2013-11-26 15:35:11] EDIT insider/views/default/active_users.load: 0
[2013-11-26 15:35:23] EDIT insider/views/default/active_users.load: 0
[2013-11-26 15:35:35] EDIT insider/views/default/active_users.load: 0
[2013-11-26 15:37:39] EDIT insider/views/default/active_users.load: 2
[2013-11-26 15:38:23] EDIT insider/views/default/active_users.load: 0
[2013-11-26 15:39:03] EDIT insider/views/default/active_users.load: 0
[2013-11-26 15:39:11] EDIT insider/views/default/active_users.load: 1
[2013-11-26 15:39:29] EDIT insider/views/default/active_users.load: 0
[2013-11-26 15:39:51] EDIT insider/views/default/active_users.load: 0
[2013-11-26 15:40:33] EDIT insider/views/default/active_users.load: 1
[2013-11-26 15:40:48] EDIT insider/views/default/active_users.load: 0
[2013-11-26 15:41:13] EDIT insider/views/default/active_users.load: 0
[2013-11-26 15:41:30] EDIT insider/views/default/active_users.load: -1
[2013-11-26 15:41:44] EDIT insider/views/default/active_users.load: 0
[2013-11-26 15:42:24] EDIT insider/views/default/userpage.html: 0
[2013-11-26 15:43:27] EDIT insider/views/default/userpage.html: 0
[2013-11-26 15:43:47] EDIT insider/views/default/userpage.html: 0
[2013-11-26 15:45:25] EDIT insider/controllers/default.py: 1
[2013-11-26 15:50:03] CREATE scheduler.py: 0
[2013-11-26 15:50:18] EDIT insider/models/scheduler.py: 0
[2013-11-26 15:50:38] EDIT insider/models/scheduler.py: 3
[2013-11-26 15:51:01] EDIT insider/models/db_stocks.py: -8
[2013-11-26 15:53:41] EDIT insider/models/scheduler.py: 7
[2013-11-26 15:54:58] EDIT insider/models/scheduler.py: 2
[2013-11-26 15:55:18] EDIT insider/models/scheduler.py: 0
[2013-11-26 15:57:16] EDIT insider/models/scheduler.py: 1
[2013-11-26 15:57:22] EDIT insider/models/scheduler.py: 0
[2013-11-26 15:58:37] EDIT insider/models/scheduler.py: 0
[2013-11-26 15:59:21] EDIT insider/controllers/default.py: 0
[2013-11-26 15:59:23] EDIT insider/controllers/default.py: 0
[2013-11-26 15:59:53] EDIT insider/controllers/default.py: 0
[2013-11-26 16:00:07] EDIT insider/controllers/default.py: 0
[2013-11-26 16:03:54] EDIT insider/models/scheduler.py: 0
[2013-11-26 16:07:33] EDIT insider/models/scheduler.py: 0
[2013-11-26 16:37:49] EDIT insider/controllers/default.py: 0
[2013-11-26 17:05:24] EDIT insider/models/db_stocks.py: 0
[2013-11-26 17:06:42] EDIT insider/models/db_stocks.py: 1
[2013-11-26 17:06:54] EDIT insider/controllers/default.py: 0
[2013-11-26 17:07:51] EDIT insider/models/db_stocks.py: -1
[2013-11-26 17:08:30] EDIT insider/models/db_stocks.py: 0
[2013-11-26 17:09:11] EDIT insider/models/db_stocks.py: 0
[2013-11-26 17:10:04] EDIT insider/models/db_stocks.py: 1
[2013-11-26 17:10:21] EDIT insider/models/db_stocks.py: -1
[2013-11-26 17:10:46] EDIT insider/models/db_stocks.py: 1
[2013-11-26 17:12:43] EDIT insider/models/db_stocks.py: 0
[2013-11-26 17:12:47] EDIT insider/models/db_stocks.py: -1
[2013-11-26 17:12:53] EDIT insider/models/db_stocks.py: 0
[2013-11-26 17:14:24] EDIT insider/controllers/default.py: 2
[2013-11-26 17:14:54] EDIT insider/controllers/default.py: 0
[2013-11-26 17:15:45] EDIT insider/controllers/default.py: 0
[2013-11-26 17:16:18] EDIT insider/controllers/default.py: 0
[2013-11-26 17:17:03] EDIT insider/controllers/default.py: 0
[2013-11-26 17:20:35] EDIT insider/controllers/default.py: 0
[2013-11-26 17:21:10] EDIT insider/controllers/default.py: 1
[2013-11-26 17:22:00] EDIT insider/controllers/default.py: -1
[2013-11-26 17:22:41] EDIT insider/models/db_stocks.py: 0
[2013-11-26 17:22:45] EDIT insider/models/db_stocks.py: 0
[2013-11-26 17:31:25] EDIT insider/controllers/default.py: 0
[2013-11-26 18:21:10] EDIT insider/views/default/trending_stocks.load: 1
[2013-11-26 18:21:23] EDIT insider/views/default/trending_stocks.load: 0
[2013-11-26 18:21:32] EDIT insider/views/default/active_users.load: 1
[2013-11-26 18:21:39] EDIT insider/views/default/active_users.load: 0
[2013-11-26 18:40:22] EDIT insider/ABOUT: 1
[2013-11-26 18:41:18] EDIT insider/LICENSE: 16
[2013-11-26 18:41:33] EDIT insider/LICENSE: 0
[2013-11-28 03:29:11] EDIT insider/models/db_stocks.py: 0
[2014-07-14 03:53:36] EDIT insider/controllers/default.py: 0
[2014-07-14 03:54:28] EDIT insider/views/layout.html: 0
[2014-07-14 03:54:38] EDIT insider/views/layout.html: 0
[2014-07-14 03:54:50] EDIT insider/views/layout.html: 0
[2014-07-14 03:54:59] EDIT insider/views/layout.html: 0
[2014-07-14 03:55:29] EDIT insider/views/layout.html: 0
[2014-07-14 03:55:49] EDIT insider/views/layout.html: 0
[2014-07-15 13:03:57] EDIT insider/models/menu.py: 0
[2014-07-15 13:04:28] EDIT insider/models/menu.py: 3
[2014-07-15 13:04:40] EDIT insider/models/menu.py: 0
[2014-07-15 13:04:55] EDIT insider/models/menu.py: 0
[2014-07-15 13:05:09] EDIT insider/models/menu.py: 0
[2014-07-17 02:03:21] EDIT insider/static/css/custom.css: 1
[2014-07-17 02:03:46] EDIT insider/views/default/ticker.load: 0
[2014-07-17 02:04:39] EDIT insider/static/css/custom.css: 5
[2014-07-17 02:05:20] EDIT insider/static/css/custom.css: 0
[2014-07-17 02:05:25] EDIT insider/views/default/ticker.load: 0
[2014-07-17 02:05:55] EDIT insider/static/css/custom.css: 0
[2014-07-17 02:06:03] EDIT insider/views/default/ticker.load: 0
[2014-07-17 02:07:00] EDIT insider/controllers/default.py: 0
[2014-07-17 02:08:13] EDIT insider/views/layout.html: 0
[2014-07-17 02:08:39] EDIT insider/controllers/default.py: 0
[2014-07-17 02:13:12] EDIT insider/views/default/index.html: 0
[2014-07-17 02:14:22] EDIT insider/views/default/index.html: 0
[2014-07-17 02:15:13] EDIT insider/views/default/index.html: 0
[2014-07-17 02:16:20] EDIT insider/views/default/index.html: 0
[2014-07-17 02:16:56] EDIT insider/controllers/default.py: 0
[2014-07-17 02:17:05] EDIT insider/views/default/index.html: 0
[2014-07-17 02:17:23] EDIT insider/views/default/index.html: 0
[2014-07-17 02:17:35] EDIT insider/views/default/index.html: 0
[2014-07-17 02:18:09] EDIT insider/views/default/index.html: 0
[2014-07-17 02:20:25] EDIT insider/views/default/index.html: 0
[2014-07-17 02:21:18] EDIT insider/views/default/index.html: 0
[2014-07-17 02:22:35] EDIT insider/views/default/index.html: 0
[2014-07-17 02:22:59] EDIT insider/views/default/index.html: 0
[2014-07-17 02:27:27] EDIT insider/views/default/ticker.load: 0
[2014-07-17 02:28:48] EDIT insider/views/default/index.html: 3
[2014-07-17 02:29:15] EDIT insider/controllers/default.py: 0
[2014-07-17 02:29:55] EDIT insider/views/default/index.html: -3
[2014-07-17 02:30:05] EDIT insider/views/default/index.html: 1
[2014-07-17 02:32:09] EDIT insider/views/default/index.html: 4
[2014-07-17 02:32:21] EDIT insider/views/default/index.html: 0
[2014-07-17 02:33:19] EDIT insider/views/default/ticker.load: 0
[2014-07-17 02:41:41] EDIT insider/views/default/stock.html: -3
[2014-07-17 02:42:21] EDIT insider/views/default/stock.html: -9
